<?xml version="1.0" ?>
<coverage version="7.11.0" timestamp="1764868687275" lines-valid="2153" lines-covered="278" line-rate="0.1291" branches-valid="782" branches-covered="4" branch-rate="0.005115" complexity="0">
	<!-- Generated by coverage.py: https://coverage.readthedocs.io/en/7.11.0 -->
	<!-- Based on https://raw.githubusercontent.com/cobertura/web/master/htdocs/xml/coverage-04.dtd -->
	<sources>
		<source>/Users/agi/PycharmProjects/agilab</source>
	</sources>
	<packages>
		<package name="src.agilab.core.agi-cluster.src.agi_cluster.agi_distributor" line-rate="0.1291" branch-rate="0.005115" complexity="0">
			<classes>
				<class name="__init__.py" filename="src/agilab/core/agi-cluster/src/agi_cluster/agi_distributor/__init__.py" complexity="0" line-rate="1" branch-rate="1">
					<methods/>
					<lines>
						<line number="1" hits="1"/>
					</lines>
				</class>
				<class name="agi_distributor.py" filename="src/agilab/core/agi-cluster/src/agi_cluster/agi_distributor/agi_distributor.py" complexity="0" line-rate="0.1262" branch-rate="0.004274">
					<methods/>
					<lines>
						<line number="14" hits="1"/>
						<line number="15" hits="1"/>
						<line number="16" hits="1"/>
						<line number="17" hits="1"/>
						<line number="18" hits="1"/>
						<line number="19" hits="1"/>
						<line number="20" hits="1"/>
						<line number="21" hits="1"/>
						<line number="22" hits="1"/>
						<line number="23" hits="1"/>
						<line number="24" hits="1"/>
						<line number="25" hits="1"/>
						<line number="26" hits="1"/>
						<line number="27" hits="1"/>
						<line number="28" hits="1"/>
						<line number="29" hits="1"/>
						<line number="30" hits="1"/>
						<line number="31" hits="1"/>
						<line number="32" hits="1"/>
						<line number="33" hits="1"/>
						<line number="34" hits="1"/>
						<line number="35" hits="1"/>
						<line number="37" hits="1"/>
						<line number="43" hits="1"/>
						<line number="53" hits="1"/>
						<line number="54" hits="1"/>
						<line number="55" hits="1"/>
						<line number="58" hits="1" branch="true" condition-coverage="50% (1/2)" missing-branches="61"/>
						<line number="59" hits="1"/>
						<line number="61" hits="0" branch="true" condition-coverage="0% (0/2)" missing-branches="62,64"/>
						<line number="62" hits="0"/>
						<line number="64" hits="0"/>
						<line number="66" hits="0"/>
						<line number="67" hits="0" branch="true" condition-coverage="0% (0/2)" missing-branches="68,70"/>
						<line number="68" hits="0"/>
						<line number="70" hits="0"/>
						<line number="71" hits="0"/>
						<line number="72" hits="0"/>
						<line number="73" hits="0"/>
						<line number="74" hits="0"/>
						<line number="75" hits="0"/>
						<line number="76" hits="0" branch="true" condition-coverage="0% (0/2)" missing-branches="77,78"/>
						<line number="77" hits="0"/>
						<line number="78" hits="0"/>
						<line number="80" hits="0"/>
						<line number="81" hits="0"/>
						<line number="83" hits="0"/>
						<line number="84" hits="0"/>
						<line number="85" hits="0"/>
						<line number="86" hits="0"/>
						<line number="88" hits="0"/>
						<line number="91" hits="1"/>
						<line number="95" hits="1"/>
						<line number="98" hits="0"/>
						<line number="99" hits="0"/>
						<line number="100" hits="0"/>
						<line number="101" hits="0" branch="true" condition-coverage="0% (0/2)" missing-branches="102,103"/>
						<line number="102" hits="0"/>
						<line number="103" hits="0"/>
						<line number="105" hits="0"/>
						<line number="106" hits="0" branch="true" condition-coverage="0% (0/2)" missing-branches="107,109"/>
						<line number="107" hits="0"/>
						<line number="109" hits="0"/>
						<line number="110" hits="0" branch="true" condition-coverage="0% (0/2)" missing-branches="111,115"/>
						<line number="111" hits="0"/>
						<line number="112" hits="0" branch="true" condition-coverage="0% (0/2)" missing-branches="110,113"/>
						<line number="113" hits="0"/>
						<line number="114" hits="0"/>
						<line number="115" hits="0" branch="true" condition-coverage="0% (0/2)" missing-branches="116,118"/>
						<line number="116" hits="0"/>
						<line number="118" hits="0"/>
						<line number="119" hits="0"/>
						<line number="120" hits="0"/>
						<line number="121" hits="0"/>
						<line number="122" hits="0"/>
						<line number="123" hits="0"/>
						<line number="124" hits="0"/>
						<line number="126" hits="0"/>
						<line number="127" hits="0"/>
						<line number="128" hits="0"/>
						<line number="132" hits="1"/>
						<line number="133" hits="1"/>
						<line number="134" hits="1"/>
						<line number="135" hits="1"/>
						<line number="138" hits="1"/>
						<line number="139" hits="1"/>
						<line number="140" hits="1"/>
						<line number="141" hits="1"/>
						<line number="142" hits="1"/>
						<line number="143" hits="1"/>
						<line number="144" hits="1"/>
						<line number="145" hits="1"/>
						<line number="146" hits="1"/>
						<line number="147" hits="1"/>
						<line number="148" hits="1"/>
						<line number="149" hits="1"/>
						<line number="150" hits="1"/>
						<line number="151" hits="1"/>
						<line number="152" hits="1"/>
						<line number="153" hits="1"/>
						<line number="154" hits="1"/>
						<line number="157" hits="1"/>
						<line number="159" hits="1"/>
						<line number="160" hits="1" branch="true" condition-coverage="50% (1/2)" missing-branches="162"/>
						<line number="161" hits="1"/>
						<line number="162" hits="1"/>
						<line number="165" hits="1"/>
						<line number="166" hits="1"/>
						<line number="167" hits="1"/>
						<line number="170" hits="1"/>
						<line number="174" hits="1"/>
						<line number="175" hits="1"/>
						<line number="176" hits="1"/>
						<line number="177" hits="1"/>
						<line number="178" hits="1"/>
						<line number="179" hits="1"/>
						<line number="180" hits="1"/>
						<line number="181" hits="1"/>
						<line number="182" hits="1"/>
						<line number="183" hits="1"/>
						<line number="184" hits="1"/>
						<line number="185" hits="1"/>
						<line number="186" hits="1"/>
						<line number="187" hits="1"/>
						<line number="188" hits="1"/>
						<line number="189" hits="1"/>
						<line number="190" hits="1"/>
						<line number="191" hits="1"/>
						<line number="192" hits="1"/>
						<line number="193" hits="1"/>
						<line number="194" hits="1"/>
						<line number="195" hits="1"/>
						<line number="196" hits="1"/>
						<line number="197" hits="1"/>
						<line number="198" hits="1"/>
						<line number="199" hits="1"/>
						<line number="200" hits="1"/>
						<line number="201" hits="1"/>
						<line number="202" hits="1"/>
						<line number="203" hits="1"/>
						<line number="204" hits="1"/>
						<line number="205" hits="1"/>
						<line number="206" hits="1"/>
						<line number="207" hits="1"/>
						<line number="208" hits="1"/>
						<line number="209" hits="1"/>
						<line number="210" hits="1"/>
						<line number="211" hits="1"/>
						<line number="212" hits="1"/>
						<line number="213" hits="1"/>
						<line number="214" hits="1"/>
						<line number="215" hits="1"/>
						<line number="216" hits="1"/>
						<line number="217" hits="1"/>
						<line number="218" hits="1"/>
						<line number="219" hits="1"/>
						<line number="220" hits="1"/>
						<line number="221" hits="1"/>
						<line number="222" hits="1"/>
						<line number="223" hits="1"/>
						<line number="224" hits="1"/>
						<line number="225" hits="1"/>
						<line number="226" hits="1"/>
						<line number="228" hits="1"/>
						<line number="229" hits="1"/>
						<line number="232" hits="0" branch="true" condition-coverage="0% (0/2)" missing-branches="233,235"/>
						<line number="233" hits="0"/>
						<line number="235" hits="0"/>
						<line number="236" hits="0" branch="true" condition-coverage="0% (0/2)" missing-branches="237,239"/>
						<line number="237" hits="0"/>
						<line number="239" hits="0"/>
						<line number="240" hits="0" branch="true" condition-coverage="0% (0/2)" missing-branches="241,248"/>
						<line number="241" hits="0"/>
						<line number="242" hits="0"/>
						<line number="243" hits="0"/>
						<line number="244" hits="0"/>
						<line number="245" hits="0"/>
						<line number="246" hits="0"/>
						<line number="248" hits="0"/>
						<line number="249" hits="0" branch="true" condition-coverage="0% (0/2)" missing-branches="250,256"/>
						<line number="250" hits="0"/>
						<line number="251" hits="0"/>
						<line number="252" hits="0"/>
						<line number="253" hits="0"/>
						<line number="254" hits="0"/>
						<line number="256" hits="0"/>
						<line number="260" hits="0"/>
						<line number="262" hits="1"/>
						<line number="277" hits="0" branch="true" condition-coverage="0% (0/2)" missing-branches="278,279"/>
						<line number="278" hits="0"/>
						<line number="279" hits="0"/>
						<line number="281" hits="1"/>
						<line number="282" hits="1"/>
						<line number="316" hits="0"/>
						<line number="318" hits="0" branch="true" condition-coverage="0% (0/2)" missing-branches="319,320"/>
						<line number="319" hits="0"/>
						<line number="320" hits="0" branch="true" condition-coverage="0% (0/2)" missing-branches="321,323"/>
						<line number="321" hits="0"/>
						<line number="323" hits="0"/>
						<line number="324" hits="0"/>
						<line number="325" hits="0"/>
						<line number="326" hits="0" branch="true" condition-coverage="0% (0/2)" missing-branches="327,329"/>
						<line number="327" hits="0"/>
						<line number="329" hits="0" branch="true" condition-coverage="0% (0/2)" missing-branches="330,335"/>
						<line number="330" hits="0"/>
						<line number="331" hits="0"/>
						<line number="335" hits="0" branch="true" condition-coverage="0% (0/2)" missing-branches="336,340"/>
						<line number="336" hits="0"/>
						<line number="337" hits="0" branch="true" condition-coverage="0% (0/2)" missing-branches="338,339"/>
						<line number="338" hits="0"/>
						<line number="339" hits="0"/>
						<line number="340" hits="0" branch="true" condition-coverage="0% (0/2)" missing-branches="341,343"/>
						<line number="341" hits="0"/>
						<line number="343" hits="0"/>
						<line number="345" hits="0"/>
						<line number="346" hits="0" branch="true" condition-coverage="0% (0/2)" missing-branches="347,351"/>
						<line number="347" hits="0" branch="true" condition-coverage="0% (0/2)" missing-branches="348,352"/>
						<line number="348" hits="0"/>
						<line number="351" hits="0"/>
						<line number="352" hits="0"/>
						<line number="353" hits="0"/>
						<line number="354" hits="0"/>
						<line number="355" hits="0"/>
						<line number="357" hits="0"/>
						<line number="358" hits="0"/>
						<line number="359" hits="0"/>
						<line number="361" hits="0" branch="true" condition-coverage="0% (0/2)" missing-branches="362,365"/>
						<line number="362" hits="0"/>
						<line number="363" hits="0"/>
						<line number="365" hits="0"/>
						<line number="368" hits="0"/>
						<line number="375" hits="0"/>
						<line number="377" hits="0"/>
						<line number="378" hits="0"/>
						<line number="380" hits="0"/>
						<line number="381" hits="0"/>
						<line number="382" hits="0"/>
						<line number="384" hits="0"/>
						<line number="385" hits="0"/>
						<line number="386" hits="0"/>
						<line number="387" hits="0"/>
						<line number="388" hits="0"/>
						<line number="390" hits="0"/>
						<line number="391" hits="0"/>
						<line number="392" hits="0"/>
						<line number="394" hits="0"/>
						<line number="395" hits="0"/>
						<line number="396" hits="0"/>
						<line number="397" hits="0" branch="true" condition-coverage="0% (0/2)" missing-branches="398,399"/>
						<line number="398" hits="0"/>
						<line number="399" hits="0"/>
						<line number="401" hits="1"/>
						<line number="402" hits="1"/>
						<line number="423" hits="0"/>
						<line number="424" hits="0" branch="true" condition-coverage="0% (0/2)" missing-branches="425,427"/>
						<line number="425" hits="0"/>
						<line number="427" hits="0"/>
						<line number="428" hits="0"/>
						<line number="429" hits="0"/>
						<line number="431" hits="0" branch="true" condition-coverage="0% (0/2)" missing-branches="432,497"/>
						<line number="432" hits="0"/>
						<line number="434" hits="0" branch="true" condition-coverage="0% (0/2)" missing-branches="435,442"/>
						<line number="435" hits="0"/>
						<line number="436" hits="0" branch="true" condition-coverage="0% (0/2)" missing-branches="437,438"/>
						<line number="437" hits="0"/>
						<line number="438" hits="0" branch="true" condition-coverage="0% (0/2)" missing-branches="439,440"/>
						<line number="439" hits="0"/>
						<line number="440" hits="0"/>
						<line number="442" hits="0" branch="true" condition-coverage="0% (0/2)" missing-branches="443,453"/>
						<line number="443" hits="0"/>
						<line number="446" hits="0"/>
						<line number="447" hits="0"/>
						<line number="448" hits="0"/>
						<line number="449" hits="0" branch="true" condition-coverage="0% (0/2)" missing-branches="450,451"/>
						<line number="450" hits="0"/>
						<line number="451" hits="0"/>
						<line number="453" hits="0"/>
						<line number="455" hits="0"/>
						<line number="465" hits="0"/>
						<line number="467" hits="0"/>
						<line number="468" hits="0" branch="true" condition-coverage="0% (0/2)" missing-branches="469,471"/>
						<line number="469" hits="0"/>
						<line number="471" hits="0"/>
						<line number="473" hits="0"/>
						<line number="474" hits="0"/>
						<line number="476" hits="0" branch="true" condition-coverage="0% (0/2)" missing-branches="477,479"/>
						<line number="477" hits="0"/>
						<line number="479" hits="0" branch="true" condition-coverage="0% (0/2)" missing-branches="480,484"/>
						<line number="480" hits="0"/>
						<line number="484" hits="0"/>
						<line number="485" hits="0"/>
						<line number="487" hits="0" branch="true" condition-coverage="0% (0/2)" missing-branches="488,490"/>
						<line number="488" hits="0"/>
						<line number="490" hits="0" branch="true" condition-coverage="0% (0/2)" missing-branches="491,493"/>
						<line number="491" hits="0"/>
						<line number="493" hits="0"/>
						<line number="494" hits="0"/>
						<line number="497" hits="0" branch="true" condition-coverage="0% (0/2)" missing-branches="498,502"/>
						<line number="498" hits="0"/>
						<line number="502" hits="0" branch="true" condition-coverage="0% (0/2)" missing-branches="503,504"/>
						<line number="503" hits="0"/>
						<line number="504" hits="0" branch="true" condition-coverage="0% (0/2)" missing-branches="505,507"/>
						<line number="505" hits="0"/>
						<line number="507" hits="0"/>
						<line number="508" hits="0"/>
						<line number="509" hits="0"/>
						<line number="510" hits="0"/>
						<line number="511" hits="0"/>
						<line number="513" hits="0" branch="true" condition-coverage="0% (0/2)" missing-branches="514,520"/>
						<line number="514" hits="0"/>
						<line number="520" hits="0" branch="true" condition-coverage="0% (0/2)" missing-branches="521,522"/>
						<line number="521" hits="0"/>
						<line number="522" hits="0" branch="true" condition-coverage="0% (0/2)" missing-branches="523,527"/>
						<line number="523" hits="0"/>
						<line number="524" hits="0" branch="true" condition-coverage="0% (0/2)" missing-branches="525,526"/>
						<line number="525" hits="0"/>
						<line number="526" hits="0"/>
						<line number="527" hits="0" branch="true" condition-coverage="0% (0/2)" missing-branches="528,530"/>
						<line number="528" hits="0"/>
						<line number="530" hits="0"/>
						<line number="532" hits="0" branch="true" condition-coverage="0% (0/2)" missing-branches="533,535"/>
						<line number="533" hits="0"/>
						<line number="535" hits="0" branch="true" condition-coverage="0% (0/2)" missing-branches="536,538"/>
						<line number="536" hits="0"/>
						<line number="538" hits="0"/>
						<line number="539" hits="0"/>
						<line number="540" hits="0"/>
						<line number="541" hits="0"/>
						<line number="542" hits="0"/>
						<line number="543" hits="0"/>
						<line number="544" hits="0"/>
						<line number="546" hits="0"/>
						<line number="547" hits="0"/>
						<line number="548" hits="0"/>
						<line number="550" hits="0" branch="true" condition-coverage="0% (0/2)" missing-branches="551,554"/>
						<line number="551" hits="0"/>
						<line number="552" hits="0"/>
						<line number="554" hits="0"/>
						<line number="556" hits="0"/>
						<line number="562" hits="0"/>
						<line number="564" hits="0"/>
						<line number="565" hits="0" branch="true" condition-coverage="0% (0/2)" missing-branches="566,569"/>
						<line number="566" hits="0"/>
						<line number="567" hits="0"/>
						<line number="569" hits="0"/>
						<line number="571" hits="0" branch="true" condition-coverage="0% (0/2)" missing-branches="572,574"/>
						<line number="572" hits="0"/>
						<line number="574" hits="0"/>
						<line number="579" hits="0"/>
						<line number="581" hits="0"/>
						<line number="598" hits="0"/>
						<line number="600" hits="0"/>
						<line number="601" hits="0" branch="true" condition-coverage="0% (0/2)" missing-branches="602,612"/>
						<line number="602" hits="0"/>
						<line number="610" hits="0"/>
						<line number="612" hits="0"/>
						<line number="613" hits="0"/>
						<line number="615" hits="0"/>
						<line number="616" hits="0"/>
						<line number="618" hits="1"/>
						<line number="619" hits="1"/>
						<line number="639" hits="0"/>
						<line number="640" hits="0" branch="true" condition-coverage="0% (0/2)" missing-branches="641,649"/>
						<line number="641" hits="0"/>
						<line number="649" hits="0"/>
						<line number="650" hits="0"/>
						<line number="651" hits="0" branch="true" condition-coverage="0% (0/2)" missing-branches="652,653"/>
						<line number="652" hits="0"/>
						<line number="653" hits="0"/>
						<line number="654" hits="0"/>
						<line number="656" hits="0"/>
						<line number="657" hits="0"/>
						<line number="658" hits="0" branch="true" condition-coverage="0% (0/2)" missing-branches="659,660"/>
						<line number="659" hits="0"/>
						<line number="660" hits="0"/>
						<line number="661" hits="0"/>
						<line number="667" hits="0" branch="true" condition-coverage="0% (0/2)" missing-branches="668,679"/>
						<line number="668" hits="0"/>
						<line number="669" hits="0"/>
						<line number="676" hits="0" branch="true" condition-coverage="0% (0/2)" missing-branches="667,677"/>
						<line number="677" hits="0"/>
						<line number="679" hits="0" branch="true" condition-coverage="0% (0/2)" missing-branches="680,691"/>
						<line number="680" hits="0"/>
						<line number="691" hits="0"/>
						<line number="692" hits="0" branch="true" condition-coverage="0% (0/2)" missing-branches="693,696"/>
						<line number="693" hits="0"/>
						<line number="696" hits="0" branch="true" condition-coverage="0% (0/2)" missing-branches="697,699"/>
						<line number="697" hits="0"/>
						<line number="699" hits="0"/>
						<line number="702" hits="0" branch="true" condition-coverage="0% (0/2)" missing-branches="703,705"/>
						<line number="703" hits="0"/>
						<line number="705" hits="0"/>
						<line number="706" hits="0"/>
						<line number="709" hits="0"/>
						<line number="712" hits="0"/>
						<line number="713" hits="0"/>
						<line number="715" hits="0"/>
						<line number="717" hits="1"/>
						<line number="718" hits="1"/>
						<line number="728" hits="0"/>
						<line number="730" hits="0"/>
						<line number="731" hits="0"/>
						<line number="732" hits="0"/>
						<line number="733" hits="0"/>
						<line number="734" hits="0"/>
						<line number="735" hits="0"/>
						<line number="737" hits="0"/>
						<line number="738" hits="0"/>
						<line number="739" hits="0"/>
						<line number="740" hits="0"/>
						<line number="741" hits="0" branch="true" condition-coverage="0% (0/2)" missing-branches="742,759"/>
						<line number="742" hits="0"/>
						<line number="743" hits="0"/>
						<line number="744" hits="0"/>
						<line number="745" hits="0"/>
						<line number="746" hits="0" branch="true" condition-coverage="0% (0/2)" missing-branches="741,747"/>
						<line number="747" hits="0"/>
						<line number="748" hits="0" branch="true" condition-coverage="0% (0/2)" missing-branches="749,750"/>
						<line number="749" hits="0"/>
						<line number="750" hits="0"/>
						<line number="751" hits="0"/>
						<line number="759" hits="0"/>
						<line number="761" hits="1"/>
						<line number="762" hits="1"/>
						<line number="772" hits="1"/>
						<line number="773" hits="1"/>
						<line number="775" hits="1"/>
						<line number="776" hits="1"/>
						<line number="777" hits="1"/>
						<line number="778" hits="0"/>
						<line number="779" hits="0"/>
						<line number="781" hits="1"/>
						<line number="782" hits="1"/>
						<line number="783" hits="1" branch="true" condition-coverage="50% (1/2)" missing-branches="795"/>
						<line number="784" hits="1"/>
						<line number="785" hits="1"/>
						<line number="787" hits="1"/>
						<line number="788" hits="1"/>
						<line number="789" hits="1"/>
						<line number="791" hits="1"/>
						<line number="792" hits="0"/>
						<line number="794" hits="0"/>
						<line number="795" hits="0"/>
						<line number="797" hits="1"/>
						<line number="798" hits="1"/>
						<line number="809" hits="0"/>
						<line number="810" hits="0" branch="true" condition-coverage="0% (0/2)" missing-branches="811,815"/>
						<line number="811" hits="0" branch="true" condition-coverage="0% (0/2)" missing-branches="812,814"/>
						<line number="812" hits="0"/>
						<line number="814" hits="0"/>
						<line number="815" hits="0" branch="true" condition-coverage="0% (0/2)" missing-branches="817,818"/>
						<line number="817" hits="0"/>
						<line number="818" hits="0" branch="true" condition-coverage="0% (0/2)" missing-branches="819,821"/>
						<line number="819" hits="0"/>
						<line number="821" hits="0"/>
						<line number="822" hits="0"/>
						<line number="823" hits="0"/>
						<line number="825" hits="1"/>
						<line number="826" hits="1"/>
						<line number="839" hits="0"/>
						<line number="840" hits="0"/>
						<line number="841" hits="0"/>
						<line number="842" hits="0"/>
						<line number="844" hits="1"/>
						<line number="845" hits="1"/>
						<line number="848" hits="0"/>
						<line number="850" hits="0" branch="true" condition-coverage="0% (0/2)" missing-branches="851,856"/>
						<line number="851" hits="0"/>
						<line number="852" hits="0"/>
						<line number="853" hits="0"/>
						<line number="854" hits="0"/>
						<line number="856" hits="0"/>
						<line number="858" hits="0"/>
						<line number="859" hits="0" branch="true" condition-coverage="0% (0/2)" missing-branches="861,872"/>
						<line number="861" hits="0" branch="true" condition-coverage="0% (0/2)" missing-branches="862,869"/>
						<line number="862" hits="0" branch="true" condition-coverage="0% (0/2)" missing-branches="863,865"/>
						<line number="863" hits="0"/>
						<line number="865" hits="0"/>
						<line number="866" hits="0"/>
						<line number="867" hits="0"/>
						<line number="868" hits="0"/>
						<line number="869" hits="0"/>
						<line number="872" hits="0"/>
						<line number="873" hits="0" branch="true" condition-coverage="0% (0/2)" missing-branches="874,885"/>
						<line number="874" hits="0"/>
						<line number="875" hits="0"/>
						<line number="876" hits="0"/>
						<line number="877" hits="0"/>
						<line number="878" hits="0" branch="true" condition-coverage="0% (0/2)" missing-branches="879,880"/>
						<line number="879" hits="0"/>
						<line number="880" hits="0"/>
						<line number="881" hits="0" branch="true" condition-coverage="0% (0/2)" missing-branches="872,882"/>
						<line number="882" hits="0"/>
						<line number="883" hits="0"/>
						<line number="884" hits="0"/>
						<line number="885" hits="0" branch="true" condition-coverage="0% (0/2)" missing-branches="886,888"/>
						<line number="886" hits="0"/>
						<line number="888" hits="0"/>
						<line number="890" hits="1"/>
						<line number="891" hits="1"/>
						<line number="899" hits="0" branch="true" condition-coverage="0% (0/2)" missing-branches="900,907"/>
						<line number="900" hits="0"/>
						<line number="901" hits="0" branch="true" condition-coverage="0% (0/2)" missing-branches="902,903"/>
						<line number="902" hits="0"/>
						<line number="903" hits="0"/>
						<line number="904" hits="0"/>
						<line number="905" hits="0"/>
						<line number="907" hits="0" branch="true" condition-coverage="0% (0/2)" missing-branches="908,909"/>
						<line number="908" hits="0"/>
						<line number="909" hits="0" branch="true" condition-coverage="0% (0/2)" missing-branches="910,912"/>
						<line number="910" hits="0"/>
						<line number="912" hits="0"/>
						<line number="913" hits="0"/>
						<line number="915" hits="0"/>
						<line number="917" hits="0" branch="true" condition-coverage="0% (0/2)" missing-branches="918,921"/>
						<line number="918" hits="0"/>
						<line number="919" hits="0"/>
						<line number="921" hits="0"/>
						<line number="928" hits="0"/>
						<line number="929" hits="0" branch="true" condition-coverage="0% (0/2)" missing-branches="930,931"/>
						<line number="930" hits="0"/>
						<line number="931" hits="0"/>
						<line number="932" hits="0"/>
						<line number="933" hits="0"/>
						<line number="934" hits="0"/>
						<line number="936" hits="0"/>
						<line number="937" hits="0"/>
						<line number="942" hits="0"/>
						<line number="944" hits="0" branch="true" condition-coverage="0% (0/2)" missing-branches="945,948"/>
						<line number="945" hits="0"/>
						<line number="946" hits="0"/>
						<line number="948" hits="0"/>
						<line number="950" hits="0"/>
						<line number="951" hits="0"/>
						<line number="952" hits="0"/>
						<line number="953" hits="0"/>
						<line number="958" hits="0"/>
						<line number="960" hits="0" branch="true" condition-coverage="0% (0/2)" missing-branches="961,964"/>
						<line number="961" hits="0"/>
						<line number="962" hits="0"/>
						<line number="964" hits="0"/>
						<line number="966" hits="0"/>
						<line number="967" hits="0"/>
						<line number="969" hits="1"/>
						<line number="970" hits="1"/>
						<line number="971" hits="0"/>
						<line number="972" hits="0" branch="true" condition-coverage="0% (0/2)" missing-branches="973,975"/>
						<line number="973" hits="0"/>
						<line number="974" hits="0"/>
						<line number="975" hits="0"/>
						<line number="978" hits="1"/>
						<line number="979" hits="1"/>
						<line number="980" hits="0"/>
						<line number="981" hits="0"/>
						<line number="982" hits="0"/>
						<line number="984" hits="0"/>
						<line number="985" hits="0"/>
						<line number="986" hits="0" branch="true" condition-coverage="0% (0/2)" missing-branches="987,990"/>
						<line number="987" hits="0"/>
						<line number="988" hits="0"/>
						<line number="990" hits="0"/>
						<line number="992" hits="0"/>
						<line number="993" hits="0"/>
						<line number="994" hits="0"/>
						<line number="995" hits="0"/>
						<line number="996" hits="0"/>
						<line number="997" hits="0"/>
						<line number="998" hits="0"/>
						<line number="999" hits="0"/>
						<line number="1000" hits="0"/>
						<line number="1001" hits="0"/>
						<line number="1003" hits="1"/>
						<line number="1004" hits="1"/>
						<line number="1015" hits="0"/>
						<line number="1016" hits="0"/>
						<line number="1017" hits="0"/>
						<line number="1018" hits="0"/>
						<line number="1019" hits="0"/>
						<line number="1022" hits="0"/>
						<line number="1023" hits="0" branch="true" condition-coverage="0% (0/2)" missing-branches="1024,1036"/>
						<line number="1024" hits="0"/>
						<line number="1025" hits="0"/>
						<line number="1026" hits="0"/>
						<line number="1027" hits="0" branch="true" condition-coverage="0% (0/2)" missing-branches="1028,1031"/>
						<line number="1028" hits="0"/>
						<line number="1029" hits="0"/>
						<line number="1030" hits="0"/>
						<line number="1031" hits="0"/>
						<line number="1032" hits="0"/>
						<line number="1033" hits="0"/>
						<line number="1034" hits="0"/>
						<line number="1036" hits="0"/>
						<line number="1037" hits="0"/>
						<line number="1038" hits="0"/>
						<line number="1039" hits="0"/>
						<line number="1040" hits="0"/>
						<line number="1042" hits="0" branch="true" condition-coverage="0% (0/2)" missing-branches="1043,1049"/>
						<line number="1043" hits="0" branch="true" condition-coverage="0% (0/2)" missing-branches="1044,1045"/>
						<line number="1044" hits="0"/>
						<line number="1045" hits="0" branch="true" condition-coverage="0% (0/2)" missing-branches="1046,1053"/>
						<line number="1046" hits="0"/>
						<line number="1047" hits="0"/>
						<line number="1049" hits="0" branch="true" condition-coverage="0% (0/2)" missing-branches="1050,1053"/>
						<line number="1050" hits="0"/>
						<line number="1051" hits="0"/>
						<line number="1053" hits="0"/>
						<line number="1054" hits="0" branch="true" condition-coverage="0% (0/2)" missing-branches="1056,1075"/>
						<line number="1056" hits="0"/>
						<line number="1057" hits="0" branch="true" condition-coverage="0% (0/2)" missing-branches="1058,1064"/>
						<line number="1058" hits="0" branch="true" condition-coverage="0% (0/2)" missing-branches="1059,1062"/>
						<line number="1059" hits="0"/>
						<line number="1060" hits="0"/>
						<line number="1062" hits="0"/>
						<line number="1064" hits="0"/>
						<line number="1065" hits="0"/>
						<line number="1068" hits="0" branch="true" condition-coverage="0% (0/2)" missing-branches="1054,1069"/>
						<line number="1069" hits="0"/>
						<line number="1070" hits="0"/>
						<line number="1071" hits="0"/>
						<line number="1072" hits="0" branch="true" condition-coverage="0% (0/2)" missing-branches="1054,1073"/>
						<line number="1073" hits="0"/>
						<line number="1075" hits="0"/>
						<line number="1077" hits="1"/>
						<line number="1078" hits="1"/>
						<line number="1080" hits="0"/>
						<line number="1081" hits="0"/>
						<line number="1082" hits="0" branch="true" condition-coverage="0% (0/2)" missing-branches="1083,1096"/>
						<line number="1083" hits="0"/>
						<line number="1084" hits="0"/>
						<line number="1085" hits="0"/>
						<line number="1086" hits="0"/>
						<line number="1087" hits="0"/>
						<line number="1089" hits="0"/>
						<line number="1090" hits="0"/>
						<line number="1092" hits="0"/>
						<line number="1093" hits="0"/>
						<line number="1094" hits="0"/>
						<line number="1095" hits="0"/>
						<line number="1096" hits="0"/>
						<line number="1098" hits="1"/>
						<line number="1099" hits="1"/>
						<line number="1108" hits="0"/>
						<line number="1109" hits="0"/>
						<line number="1110" hits="0" branch="true" condition-coverage="0% (0/2)" missing-branches="1111,1122"/>
						<line number="1111" hits="0"/>
						<line number="1112" hits="0" branch="true" condition-coverage="0% (0/2)" missing-branches="1110,1118"/>
						<line number="1118" hits="0"/>
						<line number="1119" hits="0"/>
						<line number="1120" hits="0"/>
						<line number="1122" hits="0" branch="true" condition-coverage="0% (0/2)" missing-branches="exit,1126"/>
						<line number="1126" hits="0"/>
						<line number="1127" hits="0"/>
						<line number="1128" hits="0"/>
						<line number="1129" hits="0"/>
						<line number="1131" hits="1"/>
						<line number="1132" hits="1"/>
						<line number="1141" hits="0"/>
						<line number="1142" hits="0"/>
						<line number="1143" hits="0"/>
						<line number="1144" hits="0" branch="true" condition-coverage="0% (0/2)" missing-branches="1145,1146"/>
						<line number="1145" hits="0"/>
						<line number="1146" hits="0"/>
						<line number="1147" hits="0"/>
						<line number="1148" hits="0"/>
						<line number="1149" hits="0"/>
						<line number="1150" hits="0"/>
						<line number="1151" hits="0"/>
						<line number="1153" hits="1"/>
						<line number="1154" hits="1"/>
						<line number="1156" hits="0"/>
						<line number="1157" hits="0"/>
						<line number="1158" hits="0" branch="true" condition-coverage="0% (0/2)" missing-branches="1159,1161"/>
						<line number="1159" hits="0"/>
						<line number="1161" hits="0" branch="true" condition-coverage="0% (0/2)" missing-branches="1162,1166"/>
						<line number="1162" hits="0" branch="true" condition-coverage="0% (0/2)" missing-branches="1161,1164"/>
						<line number="1164" hits="0"/>
						<line number="1166" hits="0"/>
						<line number="1167" hits="0"/>
						<line number="1169" hits="0"/>
						<line number="1171" hits="1"/>
						<line number="1172" hits="1"/>
						<line number="1173" hits="0"/>
						<line number="1174" hits="0" branch="true" condition-coverage="0% (0/2)" missing-branches="1175,1178"/>
						<line number="1175" hits="0" branch="true" condition-coverage="0% (0/2)" missing-branches="1174,1176"/>
						<line number="1176" hits="0"/>
						<line number="1178" hits="0" branch="true" condition-coverage="0% (0/2)" missing-branches="exit,1179"/>
						<line number="1179" hits="0"/>
						<line number="1181" hits="1"/>
						<line number="1182" hits="1"/>
						<line number="1183" hits="0"/>
						<line number="1184" hits="0" branch="true" condition-coverage="0% (0/2)" missing-branches="1185,1186"/>
						<line number="1185" hits="0"/>
						<line number="1186" hits="0" branch="true" condition-coverage="0% (0/2)" missing-branches="exit,1187"/>
						<line number="1187" hits="0"/>
						<line number="1189" hits="1"/>
						<line number="1190" hits="1"/>
						<line number="1199" hits="0"/>
						<line number="1200" hits="0"/>
						<line number="1201" hits="0"/>
						<line number="1202" hits="0"/>
						<line number="1203" hits="0"/>
						<line number="1204" hits="0"/>
						<line number="1205" hits="0"/>
						<line number="1207" hits="0" branch="true" condition-coverage="0% (0/2)" missing-branches="1208,1210"/>
						<line number="1208" hits="0"/>
						<line number="1210" hits="0"/>
						<line number="1212" hits="0" branch="true" condition-coverage="0% (0/2)" missing-branches="1213,1216"/>
						<line number="1213" hits="0"/>
						<line number="1216" hits="0"/>
						<line number="1217" hits="0"/>
						<line number="1218" hits="0"/>
						<line number="1220" hits="0"/>
						<line number="1222" hits="0" branch="true" condition-coverage="0% (0/2)" missing-branches="1223,1245"/>
						<line number="1223" hits="0"/>
						<line number="1224" hits="0" branch="true" condition-coverage="0% (0/2)" missing-branches="1225,1240"/>
						<line number="1225" hits="0"/>
						<line number="1226" hits="0" branch="true" condition-coverage="0% (0/2)" missing-branches="1227,1230"/>
						<line number="1227" hits="0"/>
						<line number="1228" hits="0"/>
						<line number="1230" hits="0"/>
						<line number="1231" hits="0"/>
						<line number="1232" hits="0"/>
						<line number="1233" hits="0"/>
						<line number="1234" hits="0"/>
						<line number="1240" hits="0"/>
						<line number="1245" hits="0"/>
						<line number="1247" hits="0"/>
						<line number="1248" hits="0"/>
						<line number="1249" hits="0"/>
						<line number="1250" hits="0" branch="true" condition-coverage="0% (0/2)" missing-branches="1251,1256"/>
						<line number="1251" hits="0"/>
						<line number="1256" hits="0"/>
						<line number="1258" hits="0"/>
						<line number="1259" hits="0"/>
						<line number="1260" hits="0"/>
						<line number="1262" hits="0" branch="true" condition-coverage="0% (0/2)" missing-branches="exit,1263"/>
						<line number="1263" hits="0"/>
						<line number="1264" hits="0"/>
						<line number="1272" hits="1"/>
						<line number="1273" hits="1"/>
						<line number="1282" hits="0"/>
						<line number="1283" hits="0"/>
						<line number="1284" hits="0"/>
						<line number="1285" hits="0"/>
						<line number="1286" hits="0"/>
						<line number="1287" hits="0"/>
						<line number="1290" hits="0" branch="true" condition-coverage="0% (0/2)" missing-branches="1291,1294"/>
						<line number="1291" hits="0"/>
						<line number="1294" hits="0" branch="true" condition-coverage="0% (0/2)" missing-branches="1295,1299"/>
						<line number="1295" hits="0" branch="true" condition-coverage="0% (0/2)" missing-branches="1294,1296"/>
						<line number="1296" hits="0"/>
						<line number="1299" hits="0"/>
						<line number="1300" hits="0" branch="true" condition-coverage="0% (0/2)" missing-branches="exit,1301"/>
						<line number="1301" hits="0" branch="true" condition-coverage="0% (0/2)" missing-branches="1302,1305"/>
						<line number="1302" hits="0"/>
						<line number="1305" hits="0"/>
						<line number="1306" hits="0"/>
						<line number="1307" hits="0"/>
						<line number="1310" hits="0"/>
						<line number="1311" hits="0"/>
						<line number="1312" hits="0"/>
						<line number="1313" hits="0"/>
						<line number="1314" hits="0"/>
						<line number="1315" hits="0"/>
						<line number="1316" hits="0"/>
						<line number="1318" hits="0"/>
						<line number="1319" hits="0"/>
						<line number="1322" hits="0"/>
						<line number="1323" hits="0"/>
						<line number="1324" hits="0"/>
						<line number="1325" hits="0"/>
						<line number="1326" hits="0"/>
						<line number="1328" hits="0"/>
						<line number="1331" hits="0"/>
						<line number="1333" hits="0" branch="true" condition-coverage="0% (0/2)" missing-branches="1334,1338"/>
						<line number="1334" hits="0"/>
						<line number="1335" hits="0"/>
						<line number="1338" hits="0"/>
						<line number="1339" hits="0"/>
						<line number="1341" hits="0"/>
						<line number="1342" hits="0"/>
						<line number="1344" hits="0"/>
						<line number="1345" hits="0"/>
						<line number="1346" hits="0"/>
						<line number="1347" hits="0"/>
						<line number="1348" hits="0" branch="true" condition-coverage="0% (0/2)" missing-branches="1349,1355"/>
						<line number="1349" hits="0"/>
						<line number="1355" hits="0"/>
						<line number="1357" hits="0"/>
						<line number="1360" hits="0"/>
						<line number="1361" hits="0"/>
						<line number="1363" hits="0"/>
						<line number="1364" hits="0"/>
						<line number="1366" hits="0"/>
						<line number="1369" hits="1"/>
						<line number="1370" hits="1"/>
						<line number="1371" hits="0"/>
						<line number="1372" hits="0"/>
						<line number="1373" hits="0"/>
						<line number="1374" hits="0"/>
						<line number="1375" hits="0" branch="true" condition-coverage="0% (0/2)" missing-branches="1376,1379"/>
						<line number="1376" hits="0"/>
						<line number="1379" hits="0"/>
						<line number="1380" hits="0"/>
						<line number="1381" hits="0"/>
						<line number="1382" hits="0" branch="true" condition-coverage="0% (0/2)" missing-branches="1383,1385"/>
						<line number="1383" hits="0"/>
						<line number="1385" hits="0"/>
						<line number="1387" hits="0" branch="true" condition-coverage="0% (0/2)" missing-branches="1388,1398"/>
						<line number="1388" hits="0"/>
						<line number="1389" hits="0" branch="true" condition-coverage="0% (0/2)" missing-branches="1390,1396"/>
						<line number="1390" hits="0" branch="true" condition-coverage="0% (0/2)" missing-branches="1391,1392"/>
						<line number="1391" hits="0"/>
						<line number="1392" hits="0" branch="true" condition-coverage="0% (0/2)" missing-branches="1389,1393"/>
						<line number="1393" hits="0"/>
						<line number="1396" hits="0"/>
						<line number="1398" hits="0" branch="true" condition-coverage="0% (0/2)" missing-branches="exit,1399"/>
						<line number="1399" hits="0"/>
						<line number="1400" hits="0" branch="true" condition-coverage="0% (0/2)" missing-branches="exit,1401"/>
						<line number="1401" hits="0"/>
						<line number="1403" hits="1"/>
						<line number="1404" hits="1"/>
						<line number="1406" hits="0"/>
						<line number="1407" hits="0"/>
						<line number="1408" hits="0"/>
						<line number="1409" hits="0"/>
						<line number="1411" hits="1"/>
						<line number="1412" hits="1"/>
						<line number="1413" hits="0"/>
						<line number="1414" hits="0"/>
						<line number="1420" hits="0"/>
						<line number="1421" hits="0"/>
						<line number="1422" hits="0"/>
						<line number="1424" hits="1"/>
						<line number="1425" hits="1"/>
						<line number="1434" hits="0"/>
						<line number="1435" hits="0"/>
						<line number="1436" hits="0" branch="true" condition-coverage="0% (0/2)" missing-branches="1437,1438"/>
						<line number="1437" hits="0"/>
						<line number="1438" hits="0"/>
						<line number="1439" hits="0"/>
						<line number="1440" hits="0"/>
						<line number="1441" hits="0"/>
						<line number="1442" hits="0"/>
						<line number="1443" hits="0"/>
						<line number="1444" hits="0"/>
						<line number="1445" hits="0"/>
						<line number="1446" hits="0"/>
						<line number="1447" hits="0"/>
						<line number="1448" hits="0"/>
						<line number="1449" hits="0"/>
						<line number="1451" hits="0"/>
						<line number="1452" hits="0"/>
						<line number="1459" hits="0" branch="true" condition-coverage="0% (0/2)" missing-branches="exit,1460"/>
						<line number="1460" hits="0" branch="true" condition-coverage="0% (0/2)" missing-branches="1459,1461"/>
						<line number="1461" hits="0"/>
						<line number="1462" hits="0"/>
						<line number="1463" hits="0"/>
						<line number="1464" hits="0"/>
						<line number="1466" hits="0"/>
						<line number="1467" hits="0"/>
						<line number="1468" hits="0"/>
						<line number="1470" hits="0"/>
						<line number="1471" hits="0"/>
						<line number="1472" hits="0" branch="true" condition-coverage="0% (0/2)" missing-branches="1473,1474"/>
						<line number="1473" hits="0"/>
						<line number="1474" hits="0"/>
						<line number="1475" hits="0" branch="true" condition-coverage="0% (0/2)" missing-branches="1476,1477"/>
						<line number="1476" hits="0"/>
						<line number="1477" hits="0"/>
						<line number="1479" hits="0"/>
						<line number="1485" hits="0"/>
						<line number="1486" hits="0"/>
						<line number="1487" hits="0"/>
						<line number="1488" hits="0"/>
						<line number="1490" hits="0"/>
						<line number="1491" hits="0" branch="true" condition-coverage="0% (0/2)" missing-branches="1492,1494"/>
						<line number="1492" hits="0"/>
						<line number="1494" hits="0"/>
						<line number="1495" hits="0" branch="true" condition-coverage="0% (0/2)" missing-branches="1496,1498"/>
						<line number="1496" hits="0"/>
						<line number="1498" hits="0" branch="true" condition-coverage="0% (0/2)" missing-branches="1499,1504"/>
						<line number="1499" hits="0"/>
						<line number="1500" hits="0" branch="true" condition-coverage="0% (0/2)" missing-branches="1501,1502"/>
						<line number="1501" hits="0"/>
						<line number="1502" hits="0"/>
						<line number="1504" hits="0"/>
						<line number="1505" hits="0" branch="true" condition-coverage="0% (0/2)" missing-branches="1506,1524"/>
						<line number="1506" hits="0" branch="true" condition-coverage="0% (0/2)" missing-branches="1507,1508"/>
						<line number="1507" hits="0"/>
						<line number="1508" hits="0"/>
						<line number="1509" hits="0" branch="true" condition-coverage="0% (0/2)" missing-branches="1510,1515"/>
						<line number="1510" hits="0"/>
						<line number="1511" hits="0" branch="true" condition-coverage="0% (0/2)" missing-branches="1512,1513"/>
						<line number="1512" hits="0"/>
						<line number="1513" hits="0"/>
						<line number="1515" hits="0"/>
						<line number="1520" hits="0" branch="true" condition-coverage="0% (0/2)" missing-branches="1505,1521"/>
						<line number="1521" hits="0"/>
						<line number="1522" hits="0"/>
						<line number="1524" hits="0"/>
						<line number="1525" hits="0"/>
						<line number="1526" hits="0"/>
						<line number="1529" hits="0"/>
						<line number="1530" hits="0"/>
						<line number="1531" hits="0" branch="true" condition-coverage="0% (0/2)" missing-branches="exit,1532"/>
						<line number="1532" hits="0" branch="true" condition-coverage="0% (0/2)" missing-branches="1533,1534"/>
						<line number="1533" hits="0"/>
						<line number="1534" hits="0"/>
						<line number="1535" hits="0"/>
						<line number="1536" hits="0"/>
						<line number="1537" hits="0"/>
						<line number="1538" hits="0"/>
						<line number="1539" hits="0" branch="true" condition-coverage="0% (0/2)" missing-branches="1540,1541"/>
						<line number="1540" hits="0"/>
						<line number="1541" hits="0"/>
						<line number="1542" hits="0"/>
						<line number="1543" hits="0"/>
						<line number="1544" hits="0"/>
						<line number="1545" hits="0"/>
						<line number="1546" hits="0"/>
						<line number="1547" hits="0" branch="true" condition-coverage="0% (0/2)" missing-branches="1548,1549"/>
						<line number="1548" hits="0"/>
						<line number="1549" hits="0" branch="true" condition-coverage="0% (0/2)" missing-branches="1531,1550"/>
						<line number="1550" hits="0"/>
						<line number="1551" hits="0"/>
						<line number="1552" hits="0"/>
						<line number="1553" hits="0"/>
						<line number="1554" hits="0" branch="true" condition-coverage="0% (0/2)" missing-branches="1555,1556"/>
						<line number="1555" hits="0"/>
						<line number="1556" hits="0"/>
						<line number="1557" hits="0" branch="true" condition-coverage="0% (0/2)" missing-branches="1558,1559"/>
						<line number="1558" hits="0"/>
						<line number="1559" hits="0"/>
						<line number="1569" hits="0" branch="true" condition-coverage="0% (0/2)" missing-branches="1570,1571"/>
						<line number="1570" hits="0"/>
						<line number="1571" hits="0"/>
						<line number="1572" hits="0" branch="true" condition-coverage="0% (0/2)" missing-branches="1549,1573"/>
						<line number="1573" hits="0" branch="true" condition-coverage="0% (0/2)" missing-branches="1549,1574"/>
						<line number="1574" hits="0"/>
						<line number="1575" hits="0" branch="true" condition-coverage="0% (0/2)" missing-branches="1576,1580"/>
						<line number="1576" hits="0"/>
						<line number="1577" hits="0" branch="true" condition-coverage="0% (0/2)" missing-branches="1578,1579"/>
						<line number="1578" hits="0"/>
						<line number="1579" hits="0"/>
						<line number="1580" hits="0" branch="true" condition-coverage="0% (0/2)" missing-branches="1581,1582"/>
						<line number="1581" hits="0"/>
						<line number="1582" hits="0" branch="true" condition-coverage="0% (0/2)" missing-branches="1573,1583"/>
						<line number="1583" hits="0"/>
						<line number="1586" hits="0" branch="true" condition-coverage="0% (0/2)" missing-branches="1587,1641"/>
						<line number="1587" hits="0"/>
						<line number="1588" hits="0" branch="true" condition-coverage="0% (0/2)" missing-branches="1589,1598"/>
						<line number="1589" hits="0"/>
						<line number="1590" hits="0"/>
						<line number="1591" hits="0"/>
						<line number="1592" hits="0"/>
						<line number="1593" hits="0"/>
						<line number="1594" hits="0"/>
						<line number="1595" hits="0"/>
						<line number="1596" hits="0"/>
						<line number="1598" hits="0"/>
						<line number="1603" hits="0"/>
						<line number="1608" hits="0"/>
						<line number="1613" hits="0"/>
						<line number="1618" hits="0"/>
						<line number="1624" hits="0"/>
						<line number="1631" hits="0"/>
						<line number="1632" hits="0" branch="true" condition-coverage="0% (0/2)" missing-branches="1633,1648"/>
						<line number="1633" hits="0" branch="true" condition-coverage="0% (0/2)" missing-branches="1634,1635"/>
						<line number="1634" hits="0"/>
						<line number="1635" hits="0"/>
						<line number="1636" hits="0"/>
						<line number="1637" hits="0"/>
						<line number="1638" hits="0"/>
						<line number="1639" hits="0"/>
						<line number="1641" hits="0"/>
						<line number="1642" hits="0"/>
						<line number="1643" hits="0"/>
						<line number="1644" hits="0"/>
						<line number="1645" hits="0"/>
						<line number="1646" hits="0"/>
						<line number="1648" hits="0"/>
						<line number="1649" hits="0"/>
						<line number="1650" hits="0"/>
						<line number="1651" hits="0"/>
						<line number="1653" hits="0" branch="true" condition-coverage="0% (0/2)" missing-branches="1654,1656"/>
						<line number="1654" hits="0"/>
						<line number="1656" hits="0"/>
						<line number="1658" hits="0" branch="true" condition-coverage="0% (0/2)" missing-branches="1659,1665"/>
						<line number="1659" hits="0"/>
						<line number="1665" hits="0"/>
						<line number="1666" hits="0" branch="true" condition-coverage="0% (0/2)" missing-branches="1667,1672"/>
						<line number="1667" hits="0"/>
						<line number="1672" hits="0"/>
						<line number="1673" hits="0" branch="true" condition-coverage="0% (0/2)" missing-branches="1674,1678"/>
						<line number="1674" hits="0"/>
						<line number="1678" hits="0" branch="true" condition-coverage="0% (0/2)" missing-branches="1679,1683"/>
						<line number="1679" hits="0"/>
						<line number="1683" hits="0"/>
						<line number="1686" hits="0"/>
						<line number="1687" hits="0"/>
						<line number="1688" hits="0"/>
						<line number="1689" hits="0"/>
						<line number="1690" hits="0"/>
						<line number="1692" hits="0" branch="true" condition-coverage="0% (0/2)" missing-branches="1693,1694"/>
						<line number="1693" hits="0"/>
						<line number="1694" hits="0"/>
						<line number="1696" hits="0" branch="true" condition-coverage="0% (0/2)" missing-branches="1697,1736"/>
						<line number="1697" hits="0"/>
						<line number="1699" hits="0" branch="true" condition-coverage="0% (0/2)" missing-branches="1706,1715"/>
						<line number="1706" hits="0" branch="true" condition-coverage="0% (0/2)" missing-branches="1699,1707"/>
						<line number="1707" hits="0" branch="true" condition-coverage="0% (0/2)" missing-branches="1708,1709"/>
						<line number="1708" hits="0"/>
						<line number="1709" hits="0"/>
						<line number="1713" hits="0"/>
						<line number="1715" hits="0"/>
						<line number="1716" hits="0" branch="true" condition-coverage="0% (0/2)" missing-branches="1717,1718"/>
						<line number="1717" hits="0"/>
						<line number="1718" hits="0"/>
						<line number="1719" hits="0" branch="true" condition-coverage="0% (0/2)" missing-branches="1720,1725"/>
						<line number="1720" hits="0"/>
						<line number="1721" hits="0" branch="true" condition-coverage="0% (0/2)" missing-branches="1722,1723"/>
						<line number="1722" hits="0"/>
						<line number="1723" hits="0"/>
						<line number="1725" hits="0"/>
						<line number="1726" hits="0"/>
						<line number="1728" hits="0" branch="true" condition-coverage="0% (0/2)" missing-branches="1729,1736"/>
						<line number="1729" hits="0"/>
						<line number="1730" hits="0" branch="true" condition-coverage="0% (0/2)" missing-branches="1731,1736"/>
						<line number="1731" hits="0"/>
						<line number="1732" hits="0"/>
						<line number="1733" hits="0"/>
						<line number="1734" hits="0"/>
						<line number="1736" hits="0" branch="true" condition-coverage="0% (0/2)" missing-branches="1737,1747"/>
						<line number="1737" hits="0"/>
						<line number="1738" hits="0"/>
						<line number="1739" hits="0"/>
						<line number="1740" hits="0"/>
						<line number="1741" hits="0"/>
						<line number="1742" hits="0"/>
						<line number="1743" hits="0"/>
						<line number="1744" hits="0"/>
						<line number="1747" hits="0"/>
						<line number="1753" hits="0"/>
						<line number="1754" hits="0"/>
						<line number="1756" hits="0"/>
						<line number="1757" hits="0" branch="true" condition-coverage="0% (0/2)" missing-branches="1758,1763"/>
						<line number="1758" hits="0"/>
						<line number="1763" hits="0" branch="true" condition-coverage="0% (0/2)" missing-branches="1764,1770"/>
						<line number="1764" hits="0"/>
						<line number="1770" hits="0"/>
						<line number="1772" hits="0" branch="true" condition-coverage="0% (0/2)" missing-branches="1774,1781"/>
						<line number="1774" hits="0"/>
						<line number="1775" hits="0"/>
						<line number="1777" hits="0"/>
						<line number="1778" hits="0"/>
						<line number="1781" hits="0"/>
						<line number="1782" hits="0"/>
						<line number="1784" hits="0"/>
						<line number="1785" hits="0"/>
						<line number="1787" hits="0" branch="true" condition-coverage="0% (0/2)" missing-branches="1788,1793"/>
						<line number="1788" hits="0"/>
						<line number="1793" hits="0"/>
						<line number="1798" hits="0" branch="true" condition-coverage="0% (0/2)" missing-branches="1799,1800"/>
						<line number="1799" hits="0"/>
						<line number="1800" hits="0"/>
						<line number="1806" hits="0" branch="true" condition-coverage="0% (0/2)" missing-branches="1807,1847"/>
						<line number="1807" hits="0"/>
						<line number="1809" hits="0"/>
						<line number="1810" hits="0" branch="true" condition-coverage="0% (0/2)" missing-branches="1811,1812"/>
						<line number="1811" hits="0"/>
						<line number="1812" hits="0"/>
						<line number="1813" hits="0"/>
						<line number="1814" hits="0" branch="true" condition-coverage="0% (0/2)" missing-branches="1815,1816"/>
						<line number="1815" hits="0"/>
						<line number="1816" hits="0" branch="true" condition-coverage="0% (0/2)" missing-branches="1817,1819"/>
						<line number="1817" hits="0"/>
						<line number="1819" hits="0" branch="true" condition-coverage="0% (0/2)" missing-branches="1826,1835"/>
						<line number="1826" hits="0" branch="true" condition-coverage="0% (0/2)" missing-branches="1819,1827"/>
						<line number="1827" hits="0" branch="true" condition-coverage="0% (0/2)" missing-branches="1828,1829"/>
						<line number="1828" hits="0"/>
						<line number="1829" hits="0"/>
						<line number="1833" hits="0"/>
						<line number="1835" hits="0"/>
						<line number="1836" hits="0" branch="true" condition-coverage="0% (0/2)" missing-branches="1837,1839"/>
						<line number="1837" hits="0"/>
						<line number="1839" hits="0"/>
						<line number="1840" hits="0"/>
						<line number="1843" hits="0"/>
						<line number="1847" hits="0"/>
						<line number="1848" hits="0"/>
						<line number="1849" hits="0"/>
						<line number="1850" hits="0"/>
						<line number="1851" hits="0"/>
						<line number="1852" hits="0"/>
						<line number="1854" hits="0"/>
						<line number="1855" hits="0"/>
						<line number="1857" hits="0"/>
						<line number="1858" hits="0"/>
						<line number="1861" hits="0"/>
						<line number="1862" hits="0"/>
						<line number="1863" hits="0"/>
						<line number="1864" hits="0"/>
						<line number="1865" hits="0"/>
						<line number="1866" hits="0"/>
						<line number="1867" hits="0"/>
						<line number="1868" hits="0"/>
						<line number="1869" hits="0"/>
						<line number="1871" hits="0"/>
						<line number="1872" hits="0"/>
						<line number="1875" hits="0"/>
						<line number="1876" hits="0"/>
						<line number="1879" hits="0"/>
						<line number="1880" hits="0"/>
						<line number="1881" hits="0"/>
						<line number="1882" hits="0" branch="true" condition-coverage="0% (0/2)" missing-branches="1883,1892"/>
						<line number="1883" hits="0"/>
						<line number="1884" hits="0" branch="true" condition-coverage="0% (0/2)" missing-branches="1885,1886"/>
						<line number="1885" hits="0"/>
						<line number="1886" hits="0"/>
						<line number="1887" hits="0"/>
						<line number="1888" hits="0"/>
						<line number="1889" hits="0"/>
						<line number="1890" hits="0"/>
						<line number="1892" hits="0"/>
						<line number="1897" hits="0" branch="true" condition-coverage="0% (0/2)" missing-branches="1898,1904"/>
						<line number="1898" hits="0"/>
						<line number="1899" hits="0"/>
						<line number="1900" hits="0"/>
						<line number="1901" hits="0"/>
						<line number="1902" hits="0"/>
						<line number="1904" hits="0"/>
						<line number="1907" hits="0"/>
						<line number="1908" hits="0"/>
						<line number="1910" hits="0"/>
						<line number="1911" hits="0" branch="true" condition-coverage="0% (0/2)" missing-branches="1912,1917"/>
						<line number="1912" hits="0"/>
						<line number="1913" hits="0"/>
						<line number="1914" hits="0"/>
						<line number="1915" hits="0"/>
						<line number="1916" hits="0"/>
						<line number="1917" hits="0"/>
						<line number="1918" hits="0"/>
						<line number="1920" hits="1"/>
						<line number="1921" hits="1"/>
						<line number="1924" hits="0"/>
						<line number="1925" hits="0"/>
						<line number="1926" hits="0"/>
						<line number="1927" hits="0"/>
						<line number="1928" hits="0"/>
						<line number="1929" hits="0"/>
						<line number="1930" hits="0"/>
						<line number="1932" hits="0" branch="true" condition-coverage="0% (0/2)" missing-branches="1934,1960"/>
						<line number="1934" hits="0"/>
						<line number="1935" hits="0" branch="true" condition-coverage="0% (0/2)" missing-branches="1936,1937"/>
						<line number="1936" hits="0"/>
						<line number="1937" hits="0" branch="true" condition-coverage="0% (0/2)" missing-branches="1938,1941"/>
						<line number="1938" hits="0"/>
						<line number="1939" hits="0"/>
						<line number="1941" hits="0"/>
						<line number="1942" hits="0"/>
						<line number="1943" hits="0"/>
						<line number="1944" hits="0"/>
						<line number="1945" hits="0"/>
						<line number="1948" hits="0"/>
						<line number="1949" hits="0"/>
						<line number="1950" hits="0"/>
						<line number="1951" hits="0"/>
						<line number="1952" hits="0"/>
						<line number="1954" hits="0"/>
						<line number="1955" hits="0"/>
						<line number="1956" hits="0"/>
						<line number="1957" hits="0"/>
						<line number="1960" hits="0"/>
						<line number="1961" hits="0" branch="true" condition-coverage="0% (0/2)" missing-branches="1962,1963"/>
						<line number="1962" hits="0"/>
						<line number="1963" hits="0" branch="true" condition-coverage="0% (0/2)" missing-branches="1964,1967"/>
						<line number="1964" hits="0"/>
						<line number="1965" hits="0"/>
						<line number="1967" hits="0"/>
						<line number="1970" hits="0"/>
						<line number="1971" hits="0" branch="true" condition-coverage="0% (0/2)" missing-branches="1972,1987"/>
						<line number="1972" hits="0"/>
						<line number="1974" hits="0"/>
						<line number="1975" hits="0"/>
						<line number="1976" hits="0"/>
						<line number="1977" hits="0"/>
						<line number="1978" hits="0"/>
						<line number="1980" hits="0"/>
						<line number="1981" hits="0"/>
						<line number="1982" hits="0" branch="true" condition-coverage="0% (0/2)" missing-branches="1983,1984"/>
						<line number="1983" hits="0"/>
						<line number="1984" hits="0"/>
						<line number="1987" hits="0"/>
						<line number="1988" hits="0"/>
						<line number="1989" hits="0"/>
						<line number="1995" hits="0"/>
						<line number="1996" hits="0"/>
						<line number="1998" hits="0" branch="true" condition-coverage="0% (0/2)" missing-branches="1999,2002"/>
						<line number="1999" hits="0"/>
						<line number="2000" hits="0"/>
						<line number="2002" hits="0"/>
						<line number="2003" hits="0"/>
						<line number="2006" hits="0"/>
						<line number="2007" hits="0"/>
						<line number="2010" hits="0"/>
						<line number="2011" hits="0"/>
						<line number="2014" hits="0"/>
						<line number="2015" hits="0"/>
						<line number="2016" hits="0"/>
						<line number="2019" hits="0"/>
						<line number="2020" hits="0"/>
						<line number="2024" hits="0"/>
						<line number="2027" hits="0" branch="true" condition-coverage="0% (0/2)" missing-branches="2028,2033"/>
						<line number="2028" hits="0"/>
						<line number="2033" hits="0"/>
						<line number="2037" hits="0"/>
						<line number="2039" hits="1"/>
						<line number="2040" hits="1"/>
						<line number="2041" hits="0"/>
						<line number="2043" hits="1"/>
						<line number="2044" hits="1"/>
						<line number="2046" hits="0" branch="true" condition-coverage="0% (0/2)" missing-branches="2047,2050"/>
						<line number="2047" hits="0"/>
						<line number="2048" hits="0"/>
						<line number="2049" hits="0"/>
						<line number="2050" hits="0"/>
						<line number="2052" hits="1"/>
						<line number="2053" hits="1"/>
						<line number="2062" hits="0"/>
						<line number="2064" hits="1"/>
						<line number="2065" hits="1"/>
						<line number="2074" hits="0"/>
						<line number="2076" hits="0"/>
						<line number="2078" hits="0" branch="true" condition-coverage="0% (0/2)" missing-branches="2079,2080"/>
						<line number="2079" hits="0"/>
						<line number="2080" hits="0"/>
						<line number="2081" hits="0" branch="true" condition-coverage="0% (0/2)" missing-branches="exit,2082"/>
						<line number="2082" hits="0"/>
						<line number="2084" hits="1"/>
						<line number="2085" hits="1"/>
						<line number="2119" hits="0"/>
						<line number="2120" hits="0"/>
						<line number="2121" hits="0"/>
						<line number="2130" hits="1"/>
						<line number="2131" hits="1"/>
						<line number="2153" hits="0"/>
						<line number="2154" hits="0"/>
						<line number="2158" hits="1"/>
						<line number="2159" hits="1"/>
						<line number="2178" hits="0"/>
						<line number="2179" hits="0"/>
						<line number="2182" hits="1"/>
						<line number="2183" hits="1"/>
						<line number="2190" hits="0"/>
						<line number="2192" hits="1"/>
						<line number="2193" hits="1"/>
						<line number="2204" hits="0"/>
						<line number="2205" hits="0"/>
						<line number="2207" hits="0" branch="true" condition-coverage="0% (0/2)" missing-branches="2208,2243"/>
						<line number="2208" hits="0"/>
						<line number="2209" hits="0" branch="true" condition-coverage="0% (0/2)" missing-branches="2210,2219"/>
						<line number="2210" hits="0" branch="true" condition-coverage="0% (0/2)" missing-branches="2211,2216"/>
						<line number="2211" hits="0" branch="true" condition-coverage="0% (0/2)" missing-branches="2212,2214"/>
						<line number="2212" hits="0"/>
						<line number="2214" hits="0"/>
						<line number="2216" hits="0"/>
						<line number="2219" hits="0" branch="true" condition-coverage="0% (0/2)" missing-branches="2220,2235"/>
						<line number="2220" hits="0"/>
						<line number="2226" hits="0"/>
						<line number="2227" hits="0" branch="true" condition-coverage="0% (0/2)" missing-branches="2228,2229"/>
						<line number="2228" hits="0"/>
						<line number="2229" hits="0"/>
						<line number="2230" hits="0"/>
						<line number="2231" hits="0"/>
						<line number="2232" hits="0"/>
						<line number="2235" hits="0"/>
						<line number="2236" hits="0"/>
						<line number="2237" hits="0"/>
						<line number="2238" hits="0"/>
						<line number="2240" hits="0"/>
						<line number="2241" hits="0"/>
						<line number="2243" hits="0"/>
						<line number="2244" hits="0"/>
						<line number="2245" hits="0"/>
						<line number="2246" hits="0" branch="true" condition-coverage="0% (0/2)" missing-branches="2247,2265"/>
						<line number="2247" hits="0"/>
						<line number="2248" hits="0" branch="true" condition-coverage="0% (0/2)" missing-branches="2249,2258"/>
						<line number="2249" hits="0"/>
						<line number="2250" hits="0"/>
						<line number="2256" hits="0"/>
						<line number="2257" hits="0"/>
						<line number="2258" hits="0" branch="true" condition-coverage="0% (0/2)" missing-branches="2260,2265"/>
						<line number="2260" hits="0"/>
						<line number="2261" hits="0"/>
						<line number="2265" hits="0"/>
						<line number="2266" hits="0" branch="true" condition-coverage="0% (0/2)" missing-branches="2267,2274"/>
						<line number="2267" hits="0"/>
						<line number="2268" hits="0"/>
						<line number="2269" hits="0"/>
						<line number="2270" hits="0"/>
						<line number="2271" hits="0" branch="true" condition-coverage="0% (0/2)" missing-branches="2272,2274"/>
						<line number="2272" hits="0"/>
						<line number="2274" hits="0" branch="true" condition-coverage="0% (0/2)" missing-branches="2275,2290"/>
						<line number="2275" hits="0"/>
						<line number="2276" hits="0"/>
						<line number="2277" hits="0"/>
						<line number="2284" hits="0"/>
						<line number="2285" hits="0"/>
						<line number="2286" hits="0" branch="true" condition-coverage="0% (0/2)" missing-branches="2287,2306"/>
						<line number="2287" hits="0"/>
						<line number="2290" hits="0"/>
						<line number="2294" hits="0"/>
						<line number="2296" hits="0"/>
						<line number="2297" hits="0"/>
						<line number="2299" hits="0"/>
						<line number="2304" hits="0"/>
						<line number="2306" hits="0"/>
						<line number="2307" hits="0"/>
						<line number="2308" hits="0"/>
						<line number="2313" hits="0"/>
						<line number="2314" hits="0"/>
						<line number="2315" hits="0"/>
						<line number="2316" hits="0"/>
						<line number="2317" hits="0" branch="true" condition-coverage="0% (0/2)" missing-branches="2318,2319"/>
						<line number="2318" hits="0"/>
						<line number="2319" hits="0"/>
						<line number="2321" hits="0"/>
						<line number="2322" hits="0" branch="true" condition-coverage="0% (0/2)" missing-branches="2323,2325"/>
						<line number="2323" hits="0"/>
						<line number="2325" hits="0"/>
						<line number="2327" hits="1"/>
						<line number="2328" hits="1"/>
						<line number="2336" hits="0"/>
						<line number="2337" hits="0"/>
						<line number="2338" hits="0"/>
						<line number="2339" hits="0" branch="true" condition-coverage="0% (0/2)" missing-branches="2340,2360"/>
						<line number="2340" hits="0"/>
						<line number="2341" hits="0"/>
						<line number="2342" hits="0"/>
						<line number="2343" hits="0"/>
						<line number="2348" hits="0"/>
						<line number="2349" hits="0"/>
						<line number="2350" hits="0"/>
						<line number="2351" hits="0"/>
						<line number="2358" hits="0"/>
						<line number="2360" hits="0"/>
						<line number="2362" hits="1"/>
						<line number="2363" hits="1"/>
						<line number="2364" hits="0" branch="true" condition-coverage="0% (0/2)" missing-branches="2365,2368"/>
						<line number="2365" hits="0"/>
						<line number="2368" hits="0"/>
						<line number="2369" hits="0"/>
						<line number="2370" hits="0"/>
						<line number="2371" hits="0"/>
						<line number="2373" hits="0" branch="true" condition-coverage="0% (0/2)" missing-branches="2374,2376"/>
						<line number="2374" hits="0"/>
						<line number="2376" hits="0"/>
						<line number="2378" hits="1"/>
						<line number="2379" hits="1"/>
						<line number="2385" hits="0"/>
						<line number="2388" hits="0" branch="true" condition-coverage="0% (0/2)" missing-branches="2389,2391"/>
						<line number="2389" hits="0"/>
						<line number="2391" hits="0" branch="true" condition-coverage="0% (0/2)" missing-branches="2392,2431"/>
						<line number="2392" hits="0"/>
						<line number="2393" hits="0"/>
						<line number="2394" hits="0" branch="true" condition-coverage="0% (0/2)" missing-branches="2395,2402"/>
						<line number="2395" hits="0"/>
						<line number="2396" hits="0"/>
						<line number="2397" hits="0"/>
						<line number="2398" hits="0"/>
						<line number="2399" hits="0" branch="true" condition-coverage="0% (0/2)" missing-branches="2400,2402"/>
						<line number="2400" hits="0"/>
						<line number="2402" hits="0" branch="true" condition-coverage="0% (0/2)" missing-branches="2391,2403"/>
						<line number="2403" hits="0"/>
						<line number="2404" hits="0"/>
						<line number="2405" hits="0"/>
						<line number="2406" hits="0" branch="true" condition-coverage="0% (0/2)" missing-branches="2407,2416"/>
						<line number="2407" hits="0"/>
						<line number="2408" hits="0"/>
						<line number="2414" hits="0"/>
						<line number="2416" hits="0"/>
						<line number="2417" hits="0"/>
						<line number="2421" hits="0"/>
						<line number="2422" hits="0"/>
						<line number="2424" hits="0"/>
						<line number="2425" hits="0"/>
						<line number="2426" hits="0"/>
						<line number="2428" hits="0" branch="true" condition-coverage="0% (0/2)" missing-branches="2402,2429"/>
						<line number="2429" hits="0"/>
						<line number="2431" hits="0"/>
						<line number="2433" hits="0" branch="true" condition-coverage="0% (0/2)" missing-branches="exit,2434"/>
						<line number="2434" hits="0"/>
						<line number="2435" hits="0" branch="true" condition-coverage="0% (0/2)" missing-branches="exit,2437"/>
						<line number="2437" hits="0" branch="true" condition-coverage="0% (0/2)" missing-branches="exit,2438"/>
						<line number="2438" hits="0"/>
						<line number="2440" hits="1"/>
						<line number="2441" hits="1"/>
						<line number="2442" hits="0" branch="true" condition-coverage="0% (0/2)" missing-branches="2443,2444"/>
						<line number="2443" hits="0"/>
						<line number="2444" hits="0"/>
						<line number="2445" hits="0"/>
						<line number="2447" hits="0"/>
						<line number="2448" hits="0"/>
						<line number="2449" hits="0"/>
						<line number="2450" hits="0"/>
						<line number="2451" hits="0" branch="true" condition-coverage="0% (0/2)" missing-branches="2452,2459"/>
						<line number="2452" hits="0"/>
						<line number="2453" hits="0"/>
						<line number="2454" hits="0" branch="true" condition-coverage="0% (0/2)" missing-branches="2455,2457"/>
						<line number="2455" hits="0"/>
						<line number="2456" hits="0"/>
						<line number="2457" hits="0"/>
						<line number="2459" hits="0"/>
						<line number="2460" hits="0"/>
						<line number="2461" hits="0"/>
						<line number="2463" hits="0" branch="true" condition-coverage="0% (0/2)" missing-branches="2464,2465"/>
						<line number="2464" hits="0"/>
						<line number="2465" hits="0"/>
						<line number="2467" hits="0" branch="true" condition-coverage="0% (0/2)" missing-branches="2468,2470"/>
						<line number="2468" hits="0"/>
						<line number="2470" hits="0" branch="true" condition-coverage="0% (0/2)" missing-branches="2471,2473"/>
						<line number="2471" hits="0"/>
						<line number="2473" hits="0" branch="true" condition-coverage="0% (0/2)" missing-branches="2474,2476"/>
						<line number="2474" hits="0"/>
						<line number="2475" hits="0"/>
						<line number="2476" hits="0"/>
						<line number="2478" hits="0"/>
						<line number="2479" hits="0"/>
						<line number="2480" hits="0"/>
						<line number="2481" hits="0" branch="true" condition-coverage="0% (0/2)" missing-branches="2447,2482"/>
						<line number="2482" hits="0"/>
						<line number="2484" hits="0"/>
						<line number="2486" hits="1"/>
						<line number="2487" hits="1"/>
						<line number="2493" hits="0"/>
						<line number="2494" hits="0"/>
						<line number="2495" hits="0"/>
						<line number="2496" hits="0"/>
						<line number="2498" hits="0"/>
						<line number="2499" hits="0" branch="true" condition-coverage="0% (0/2)" missing-branches="2500,2501"/>
						<line number="2500" hits="0"/>
						<line number="2501" hits="0" branch="true" condition-coverage="0% (0/2)" missing-branches="2502,2503"/>
						<line number="2502" hits="0"/>
						<line number="2503" hits="0" branch="true" condition-coverage="0% (0/2)" missing-branches="2504,2505"/>
						<line number="2504" hits="0"/>
						<line number="2505" hits="0" branch="true" condition-coverage="0% (0/2)" missing-branches="2506,2507"/>
						<line number="2506" hits="0"/>
						<line number="2507" hits="0" branch="true" condition-coverage="0% (0/2)" missing-branches="2508,2510"/>
						<line number="2508" hits="0"/>
						<line number="2510" hits="0"/>
						<line number="2511" hits="0"/>
						<line number="2512" hits="0"/>
						<line number="2515" hits="0"/>
						<line number="2516" hits="0"/>
						<line number="2517" hits="0" branch="true" condition-coverage="0% (0/2)" missing-branches="2518,2519"/>
						<line number="2518" hits="0"/>
						<line number="2519" hits="0"/>
						<line number="2520" hits="0"/>
						<line number="2521" hits="0"/>
						<line number="2523" hits="0"/>
						<line number="2524" hits="0"/>
						<line number="2527" hits="0"/>
						<line number="2528" hits="0"/>
						<line number="2530" hits="0"/>
						<line number="2531" hits="0"/>
						<line number="2533" hits="0" branch="true" condition-coverage="0% (0/2)" missing-branches="2534,2539"/>
						<line number="2534" hits="0"/>
						<line number="2539" hits="0"/>
						<line number="2544" hits="0"/>
						<line number="2546" hits="0"/>
						<line number="2547" hits="0" branch="true" condition-coverage="0% (0/2)" missing-branches="2548,2553"/>
						<line number="2548" hits="0"/>
						<line number="2549" hits="0" branch="true" condition-coverage="0% (0/2)" missing-branches="2550,2553"/>
						<line number="2550" hits="0"/>
						<line number="2553" hits="0" branch="true" condition-coverage="0% (0/2)" missing-branches="2555,2591"/>
						<line number="2555" hits="0" branch="true" condition-coverage="0% (0/2)" missing-branches="2556,2561"/>
						<line number="2556" hits="0"/>
						<line number="2561" hits="0"/>
						<line number="2566" hits="0"/>
						<line number="2567" hits="0"/>
						<line number="2568" hits="0"/>
						<line number="2569" hits="0"/>
						<line number="2570" hits="0"/>
						<line number="2578" hits="0"/>
						<line number="2579" hits="0" branch="true" condition-coverage="0% (0/2)" missing-branches="2580,2582"/>
						<line number="2580" hits="0"/>
						<line number="2582" hits="0"/>
						<line number="2583" hits="0"/>
						<line number="2586" hits="0"/>
						<line number="2587" hits="0"/>
						<line number="2588" hits="0" branch="true" condition-coverage="0% (0/2)" missing-branches="2589,2591"/>
						<line number="2589" hits="0"/>
						<line number="2591" hits="0"/>
						<line number="2593" hits="1"/>
						<line number="2594" hits="1"/>
						<line number="2599" hits="0" branch="true" condition-coverage="0% (0/2)" missing-branches="exit,2600"/>
						<line number="2600" hits="0"/>
						<line number="2601" hits="0"/>
						<line number="2603" hits="1"/>
						<line number="2604" hits="1"/>
						<line number="2610" hits="0"/>
						<line number="2611" hits="0"/>
						<line number="2614" hits="0" branch="true" condition-coverage="0% (0/2)" missing-branches="2615,2618"/>
						<line number="2615" hits="0"/>
						<line number="2616" hits="0"/>
						<line number="2618" hits="0"/>
						<line number="2619" hits="0"/>
						<line number="2620" hits="0"/>
						<line number="2621" hits="0"/>
						<line number="2623" hits="0"/>
						<line number="2625" hits="0" branch="true" condition-coverage="0% (0/2)" missing-branches="2626,2629"/>
						<line number="2626" hits="0"/>
						<line number="2627" hits="0"/>
						<line number="2629" hits="0"/>
						<line number="2631" hits="0" branch="true" condition-coverage="0% (0/2)" missing-branches="2632,2636"/>
						<line number="2632" hits="0"/>
						<line number="2633" hits="0"/>
						<line number="2636" hits="0"/>
						<line number="2648" hits="0"/>
						<line number="2650" hits="0" branch="true" condition-coverage="0% (0/2)" missing-branches="exit,2651"/>
						<line number="2651" hits="0" branch="true" condition-coverage="0% (0/2)" missing-branches="2652,2654"/>
						<line number="2652" hits="0"/>
						<line number="2654" hits="0"/>
						<line number="2655" hits="0" branch="true" condition-coverage="0% (0/2)" missing-branches="2656,2658"/>
						<line number="2656" hits="0"/>
						<line number="2658" hits="0"/>
						<line number="2660" hits="1"/>
						<line number="2661" hits="1"/>
						<line number="2665" hits="0"/>
						<line number="2668" hits="0"/>
						<line number="2672" hits="0"/>
						<line number="2674" hits="0"/>
						<line number="2677" hits="0"/>
						<line number="2678" hits="0"/>
						<line number="2680" hits="0"/>
						<line number="2682" hits="0" branch="true" condition-coverage="0% (0/2)" missing-branches="2683,2685"/>
						<line number="2683" hits="0"/>
						<line number="2685" hits="0"/>
						<line number="2686" hits="0"/>
						<line number="2688" hits="0"/>
						<line number="2705" hits="0"/>
						<line number="2707" hits="0"/>
						<line number="2710" hits="0"/>
						<line number="2711" hits="0" branch="true" condition-coverage="0% (0/2)" missing-branches="2712,2715"/>
						<line number="2712" hits="0"/>
						<line number="2713" hits="0"/>
						<line number="2715" hits="0"/>
						<line number="2716" hits="0"/>
						<line number="2717" hits="0"/>
						<line number="2724" hits="0"/>
						<line number="2725" hits="0" branch="true" condition-coverage="0% (0/2)" missing-branches="2726,2735"/>
						<line number="2726" hits="0"/>
						<line number="2727" hits="0"/>
						<line number="2728" hits="0"/>
						<line number="2735" hits="0"/>
						<line number="2736" hits="0"/>
						<line number="2737" hits="0" branch="true" condition-coverage="0% (0/2)" missing-branches="2738,2741"/>
						<line number="2738" hits="0"/>
						<line number="2741" hits="0" branch="true" condition-coverage="0% (0/2)" missing-branches="2742,2744"/>
						<line number="2742" hits="0"/>
						<line number="2744" hits="0"/>
						<line number="2745" hits="0"/>
						<line number="2746" hits="0"/>
						<line number="2748" hits="1"/>
						<line number="2749" hits="1"/>
						<line number="2750" hits="0"/>
						<line number="2752" hits="0"/>
						<line number="2754" hits="0" branch="true" condition-coverage="0% (0/2)" missing-branches="2756,2758"/>
						<line number="2756" hits="0"/>
						<line number="2758" hits="0" branch="true" condition-coverage="0% (0/2)" missing-branches="2760,2772"/>
						<line number="2760" hits="0"/>
						<line number="2762" hits="0"/>
						<line number="2763" hits="0"/>
						<line number="2765" hits="0" branch="true" condition-coverage="0% (0/2)" missing-branches="2766,2768"/>
						<line number="2766" hits="0"/>
						<line number="2768" hits="0"/>
						<line number="2770" hits="0"/>
						<line number="2772" hits="0" branch="true" condition-coverage="0% (0/2)" missing-branches="2774,2776"/>
						<line number="2774" hits="0"/>
						<line number="2776" hits="0" branch="true" condition-coverage="0% (0/2)" missing-branches="2778,2787"/>
						<line number="2778" hits="0"/>
						<line number="2780" hits="0"/>
						<line number="2781" hits="0"/>
						<line number="2784" hits="0"/>
						<line number="2787" hits="0"/>
						<line number="2789" hits="0"/>
						<line number="2791" hits="0"/>
						<line number="2793" hits="1"/>
						<line number="2794" hits="1"/>
						<line number="2804" hits="0" branch="true" condition-coverage="0% (0/2)" missing-branches="exit,2805"/>
						<line number="2805" hits="0" branch="true" condition-coverage="0% (0/2)" missing-branches="2806,2808"/>
						<line number="2806" hits="0"/>
						<line number="2808" hits="0"/>
						<line number="2809" hits="0"/>
						<line number="2811" hits="1"/>
						<line number="2812" hits="1"/>
						<line number="2814" hits="0" branch="true" condition-coverage="0% (0/2)" missing-branches="exit,2815"/>
						<line number="2815" hits="0"/>
						<line number="2816" hits="0"/>
						<line number="2817" hits="0" branch="true" condition-coverage="0% (0/2)" missing-branches="2818,2829"/>
						<line number="2818" hits="0"/>
[...]
						<line number="3110" hits="0" branch="true" condition-coverage="0% (0/2)" missing-branches="3111,3124"/>
						<line number="3111" hits="0" branch="true" condition-coverage="0% (0/2)" missing-branches="3112,3114"/>
						<line number="3112" hits="0"/>
						<line number="3114" hits="0"/>
						<line number="3115" hits="0" branch="true" condition-coverage="0% (0/2)" missing-branches="3116,3117"/>
						<line number="3116" hits="0"/>
						<line number="3117" hits="0" branch="true" condition-coverage="0% (0/2)" missing-branches="3118,3119"/>
						<line number="3118" hits="0"/>
						<line number="3119" hits="0" branch="true" condition-coverage="0% (0/2)" missing-branches="3120,3122"/>
						<line number="3120" hits="0"/>
						<line number="3122" hits="0"/>
						<line number="3124" hits="0"/>
						<line number="3126" hits="0"/>
						<line number="3138" hits="0"/>
						<line number="3139" hits="0"/>
						<line number="3141" hits="0"/>
						<line number="3142" hits="0"/>
						<line number="3143" hits="0"/>
						<line number="3144" hits="0"/>
						<line number="3146" hits="0"/>
						<line number="3147" hits="0"/>
						<line number="3148" hits="0"/>
						<line number="3149" hits="0"/>
						<line number="3151" hits="0"/>
						<line number="3152" hits="0"/>
						<line number="3153" hits="0" branch="true" condition-coverage="0% (0/2)" missing-branches="3160,3168"/>
						<line number="3160" hits="0"/>
						<line number="3164" hits="0" branch="true" condition-coverage="0% (0/2)" missing-branches="3165,3166"/>
						<line number="3165" hits="0"/>
						<line number="3166" hits="0"/>
						<line number="3168" hits="0"/>
						<line number="3169" hits="0"/>
						<line number="3170" hits="0"/>
						<line number="3172" hits="0"/>
						<line number="3173" hits="0"/>
						<line number="3174" hits="0"/>
						<line number="3175" hits="0" branch="true" condition-coverage="0% (0/2)" missing-branches="3176,3177"/>
						<line number="3176" hits="0"/>
						<line number="3177" hits="0"/>
						<line number="3178" hits="0"/>
						<line number="3180" hits="0"/>
						<line number="3181" hits="0"/>
						<line number="3182" hits="0"/>
						<line number="3183" hits="0"/>
						<line number="3185" hits="1"/>
						<line number="3186" hits="1"/>
						<line number="3187" hits="0"/>
						<line number="3188" hits="0"/>
						<line number="3189" hits="0"/>
						<line number="3190" hits="0" branch="true" condition-coverage="0% (0/2)" missing-branches="3191,3192"/>
						<line number="3191" hits="0"/>
						<line number="3192" hits="0"/>
						<line number="3193" hits="0"/>
						<line number="3194" hits="0"/>
						<line number="3195" hits="0" branch="true" condition-coverage="0% (0/2)" missing-branches="3196,3197"/>
						<line number="3196" hits="0"/>
						<line number="3197" hits="0" branch="true" condition-coverage="0% (0/2)" missing-branches="3198,3199"/>
						<line number="3198" hits="0"/>
						<line number="3199" hits="0" branch="true" condition-coverage="0% (0/2)" missing-branches="3200,3201"/>
						<line number="3200" hits="0"/>
						<line number="3201" hits="0" branch="true" condition-coverage="0% (0/2)" missing-branches="3202,3204"/>
						<line number="3202" hits="0" branch="true" condition-coverage="0% (0/2)" missing-branches="3203,3204"/>
						<line number="3203" hits="0"/>
						<line number="3204" hits="0"/>
						<line number="3206" hits="0"/>
						<line number="3207" hits="0"/>
						<line number="3209" hits="0"/>
						<line number="3210" hits="0"/>
						<line number="3211" hits="0"/>
						<line number="3212" hits="0" branch="true" condition-coverage="0% (0/2)" missing-branches="3213,3214"/>
						<line number="3213" hits="0"/>
						<line number="3214" hits="0" branch="true" condition-coverage="0% (0/2)" missing-branches="3215,3216"/>
						<line number="3215" hits="0"/>
						<line number="3216" hits="0"/>
						<line number="3217" hits="0"/>
						<line number="3219" hits="0"/>
						<line number="3220" hits="0"/>
						<line number="3221" hits="0"/>
						<line number="3222" hits="0"/>
						<line number="3223" hits="0"/>
						<line number="3225" hits="1"/>
						<line number="3226" hits="1"/>
						<line number="3230" hits="0"/>
						<line number="3231" hits="0"/>
						<line number="3234" hits="0"/>
						<line number="3235" hits="0"/>
						<line number="3241" hits="0"/>
						<line number="3242" hits="0" branch="true" condition-coverage="0% (0/2)" missing-branches="3243,3245"/>
						<line number="3243" hits="0"/>
						<line number="3245" hits="0"/>
						<line number="3247" hits="1"/>
						<line number="3248" hits="1"/>
						<line number="3253" hits="0" branch="true" condition-coverage="0% (0/2)" missing-branches="3254,3256"/>
						<line number="3254" hits="0"/>
						<line number="3255" hits="0"/>
						<line number="3256" hits="0"/>
						<line number="3259" hits="1"/>
						<line number="3261" hits="0"/>
						<line number="3262" hits="0"/>
						<line number="3263" hits="0"/>
						<line number="3264" hits="0"/>
						<line number="3266" hits="0"/>
						<line number="3267" hits="0"/>
						<line number="3268" hits="0" branch="true" condition-coverage="0% (0/2)" missing-branches="3269,3270"/>
						<line number="3269" hits="0"/>
						<line number="3270" hits="0"/>
						<line number="3271" hits="0" branch="true" condition-coverage="0% (0/2)" missing-branches="3272,3274"/>
						<line number="3272" hits="0" branch="true" condition-coverage="0% (0/2)" missing-branches="3271,3273"/>
						<line number="3273" hits="0"/>
						<line number="3274" hits="0" branch="true" condition-coverage="0% (0/2)" missing-branches="3275,3278"/>
						<line number="3275" hits="0"/>
						<line number="3276" hits="0" branch="true" condition-coverage="0% (0/2)" missing-branches="3277,3278"/>
						<line number="3277" hits="0"/>
						<line number="3278" hits="0"/>
						<line number="3280" hits="0" branch="true" condition-coverage="0% (0/2)" missing-branches="3281,3314"/>
						<line number="3281" hits="0"/>
						<line number="3282" hits="0"/>
						<line number="3283" hits="0"/>
						<line number="3284" hits="0" branch="true" condition-coverage="0% (0/2)" missing-branches="3285,3286"/>
						<line number="3285" hits="0"/>
						<line number="3286" hits="0" branch="true" condition-coverage="0% (0/2)" missing-branches="3287,3307"/>
						<line number="3287" hits="0"/>
						<line number="3288" hits="0" branch="true" condition-coverage="0% (0/2)" missing-branches="3289,3304"/>
						<line number="3289" hits="0"/>
						<line number="3290" hits="0" branch="true" condition-coverage="0% (0/2)" missing-branches="3291,3292"/>
						<line number="3291" hits="0"/>
						<line number="3292" hits="0" branch="true" condition-coverage="0% (0/2)" missing-branches="3293,3294"/>
						<line number="3293" hits="0"/>
						<line number="3294" hits="0" branch="true" condition-coverage="0% (0/2)" missing-branches="3295,3297"/>
						<line number="3295" hits="0"/>
						<line number="3296" hits="0"/>
						<line number="3297" hits="0" branch="true" condition-coverage="0% (0/2)" missing-branches="3299,3301"/>
						<line number="3299" hits="0"/>
						<line number="3301" hits="0"/>
						<line number="3302" hits="0"/>
						<line number="3304" hits="0"/>
						<line number="3305" hits="0"/>
						<line number="3307" hits="0" branch="true" condition-coverage="0% (0/2)" missing-branches="3308,3309"/>
						<line number="3308" hits="0"/>
						<line number="3309" hits="0" branch="true" condition-coverage="0% (0/2)" missing-branches="3310,3312"/>
						<line number="3310" hits="0"/>
						<line number="3312" hits="0"/>
						<line number="3314" hits="0" branch="true" condition-coverage="0% (0/2)" missing-branches="3315,3316"/>
						<line number="3315" hits="0"/>
						<line number="3316" hits="0"/>
					</lines>
				</class>
				<class name="cli.py" filename="src/agilab/core/agi-cluster/src/agi_cluster/agi_distributor/cli.py" complexity="0" line-rate="0.1474" branch-rate="0.0125">
					<methods/>
					<lines>
						<line number="1" hits="1"/>
						<line number="2" hits="1"/>
						<line number="3" hits="1"/>
						<line number="4" hits="1"/>
						<line number="5" hits="1"/>
						<line number="6" hits="1"/>
						<line number="7" hits="1"/>
						<line number="8" hits="1"/>
						<line number="9" hits="1"/>
						<line number="10" hits="1"/>
						<line number="11" hits="1"/>
						<line number="12" hits="1"/>
						<line number="13" hits="1"/>
						<line number="15" hits="1"/>
						<line number="17" hits="1"/>
						<line number="37" hits="1"/>
						<line number="38" hits="1"/>
						<line number="39" hits="1"/>
						<line number="40" hits="1"/>
						<line number="41" hits="1"/>
						<line number="42" hits="1"/>
						<line number="44" hits="1"/>
						<line number="47" hits="1"/>
						<line number="48" hits="0"/>
						<line number="49" hits="0"/>
						<line number="50" hits="0"/>
						<line number="51" hits="0"/>
						<line number="52" hits="0"/>
						<line number="53" hits="0" branch="true" condition-coverage="0% (0/2)" missing-branches="exit,54"/>
						<line number="54" hits="0"/>
						<line number="55" hits="0"/>
						<line number="56" hits="0"/>
						<line number="57" hits="0"/>
						<line number="58" hits="0"/>
						<line number="60" hits="1"/>
						<line number="61" hits="0"/>
						<line number="62" hits="0"/>
						<line number="63" hits="0" branch="true" condition-coverage="0% (0/2)" missing-branches="64,81"/>
						<line number="64" hits="0"/>
						<line number="65" hits="0"/>
						<line number="67" hits="0"/>
						<line number="71" hits="0" branch="true" condition-coverage="0% (0/2)" missing-branches="72,97"/>
						<line number="72" hits="0"/>
						<line number="73" hits="0"/>
						<line number="74" hits="0" branch="true" condition-coverage="0% (0/2)" missing-branches="71,75"/>
						<line number="75" hits="0"/>
						<line number="76" hits="0"/>
						<line number="77" hits="0"/>
						<line number="78" hits="0"/>
						<line number="79" hits="0"/>
						<line number="81" hits="0"/>
						<line number="82" hits="0"/>
						<line number="83" hits="0"/>
						<line number="86" hits="0" branch="true" condition-coverage="0% (0/2)" missing-branches="87,97"/>
						<line number="87" hits="0"/>
						<line number="88" hits="0" branch="true" condition-coverage="0% (0/2)" missing-branches="86,89"/>
						<line number="89" hits="0"/>
						<line number="90" hits="0" branch="true" condition-coverage="0% (0/2)" missing-branches="86,91"/>
						<line number="91" hits="0"/>
						<line number="92" hits="0"/>
						<line number="93" hits="0"/>
						<line number="94" hits="0"/>
						<line number="95" hits="0"/>
						<line number="96" hits="0"/>
						<line number="97" hits="0"/>
						<line number="99" hits="1"/>
						<line number="100" hits="0"/>
						<line number="101" hits="0" branch="true" condition-coverage="0% (0/2)" missing-branches="102,103"/>
						<line number="102" hits="0"/>
						<line number="103" hits="0" branch="true" condition-coverage="0% (0/2)" missing-branches="104,119"/>
						<line number="104" hits="0"/>
						<line number="105" hits="0"/>
						<line number="106" hits="0"/>
						<line number="109" hits="0" branch="true" condition-coverage="0% (0/2)" missing-branches="110,119"/>
						<line number="110" hits="0"/>
						<line number="111" hits="0"/>
						<line number="112" hits="0"/>
						<line number="113" hits="0" branch="true" condition-coverage="0% (0/2)" missing-branches="109,114"/>
						<line number="114" hits="0"/>
						<line number="115" hits="0"/>
						<line number="116" hits="0"/>
						<line number="117" hits="0"/>
						<line number="118" hits="0"/>
						<line number="119" hits="0"/>
						<line number="121" hits="1"/>
						<line number="122" hits="0"/>
						<line number="124" hits="0"/>
						<line number="125" hits="0"/>
						<line number="126" hits="0"/>
						<line number="127" hits="0"/>
						<line number="128" hits="0"/>
						<line number="130" hits="0"/>
						<line number="131" hits="0"/>
						<line number="133" hits="0"/>
						<line number="135" hits="1"/>
						<line number="136" hits="0"/>
						<line number="137" hits="0" branch="true" condition-coverage="0% (0/2)" missing-branches="138,149"/>
						<line number="138" hits="0"/>
						<line number="139" hits="0"/>
						<line number="140" hits="0"/>
						<line number="141" hits="0"/>
						<line number="142" hits="0"/>
						<line number="143" hits="0"/>
						<line number="144" hits="0"/>
						<line number="145" hits="0"/>
						<line number="146" hits="0"/>
						<line number="147" hits="0"/>
						<line number="148" hits="0"/>
						<line number="149" hits="0"/>
						<line number="151" hits="1"/>
						<line number="152" hits="0"/>
						<line number="153" hits="0"/>
						<line number="154" hits="0" branch="true" condition-coverage="0% (0/2)" missing-branches="155,158"/>
						<line number="155" hits="0"/>
						<line number="156" hits="0" branch="true" condition-coverage="0% (0/2)" missing-branches="154,157"/>
						<line number="157" hits="0"/>
						<line number="158" hits="0"/>
						<line number="160" hits="1"/>
						<line number="161" hits="0" branch="true" condition-coverage="0% (0/2)" missing-branches="162,163"/>
						<line number="162" hits="0"/>
						<line number="163" hits="0"/>
						<line number="164" hits="0"/>
						<line number="167" hits="0"/>
						<line number="168" hits="0"/>
						<line number="170" hits="0"/>
						<line number="171" hits="0"/>
						<line number="173" hits="0" branch="true" condition-coverage="0% (0/2)" missing-branches="174,177"/>
						<line number="174" hits="0"/>
						<line number="177" hits="0"/>
						<line number="178" hits="0"/>
						<line number="179" hits="0" branch="true" condition-coverage="0% (0/2)" missing-branches="180,193"/>
						<line number="180" hits="0"/>
						<line number="181" hits="0"/>
						<line number="182" hits="0" branch="true" condition-coverage="0% (0/2)" missing-branches="183,185"/>
						<line number="183" hits="0"/>
						<line number="185" hits="0"/>
						<line number="186" hits="0"/>
						<line number="187" hits="0"/>
						<line number="188" hits="0"/>
						<line number="189" hits="0"/>
						<line number="190" hits="0"/>
						<line number="191" hits="0"/>
						<line number="193" hits="0" branch="true" condition-coverage="0% (0/2)" missing-branches="194,203"/>
						<line number="194" hits="0"/>
						<line number="195" hits="0"/>
						<line number="196" hits="0" branch="true" condition-coverage="0% (0/2)" missing-branches="exit,197"/>
						<line number="197" hits="0"/>
						<line number="198" hits="0"/>
						<line number="199" hits="0"/>
						<line number="200" hits="0" branch="true" condition-coverage="0% (0/2)" missing-branches="exit,201"/>
						<line number="201" hits="0"/>
						<line number="203" hits="0"/>
						<line number="205" hits="1"/>
						<line number="206" hits="0"/>
						<line number="207" hits="0"/>
						<line number="208" hits="0"/>
						<line number="209" hits="0"/>
						<line number="210" hits="0"/>
						<line number="211" hits="0"/>
						<line number="212" hits="0" branch="true" condition-coverage="0% (0/2)" missing-branches="213,216"/>
						<line number="213" hits="0"/>
						<line number="214" hits="0"/>
						<line number="215" hits="0"/>
						<line number="216" hits="0"/>
						<line number="217" hits="0"/>
						<line number="218" hits="0"/>
						<line number="221" hits="1"/>
						<line number="223" hits="0"/>
						<line number="224" hits="0" branch="true" condition-coverage="0% (0/2)" missing-branches="225,226"/>
						<line number="225" hits="0"/>
						<line number="226" hits="0"/>
						<line number="228" hits="1"/>
						<line number="229" hits="0"/>
						<line number="230" hits="0"/>
						<line number="231" hits="0"/>
						<line number="233" hits="1"/>
						<line number="235" hits="0"/>
						<line number="236" hits="0"/>
						<line number="237" hits="0" branch="true" condition-coverage="0% (0/2)" missing-branches="238,239"/>
						<line number="238" hits="0"/>
						<line number="239" hits="0"/>
						<line number="241" hits="0"/>
						<line number="243" hits="1"/>
						<line number="245" hits="0" branch="true" condition-coverage="0% (0/2)" missing-branches="246,247"/>
						<line number="246" hits="0"/>
						<line number="247" hits="0"/>
						<line number="249" hits="0"/>
						<line number="250" hits="0"/>
						<line number="252" hits="0"/>
						<line number="253" hits="0"/>
						<line number="254" hits="0"/>
						<line number="255" hits="0"/>
						<line number="256" hits="0"/>
						<line number="257" hits="0"/>
						<line number="258" hits="0"/>
						<line number="260" hits="1"/>
						<line number="261" hits="0"/>
						<line number="262" hits="0"/>
						<line number="263" hits="0"/>
						<line number="265" hits="0"/>
						<line number="266" hits="0"/>
						<line number="269" hits="0" branch="true" condition-coverage="0% (0/2)" missing-branches="270,272"/>
						<line number="270" hits="0"/>
						<line number="272" hits="0"/>
						<line number="274" hits="1"/>
						<line number="275" hits="0"/>
						<line number="276" hits="0"/>
						<line number="277" hits="0" branch="true" condition-coverage="0% (0/2)" missing-branches="278,279"/>
						<line number="278" hits="0"/>
						<line number="279" hits="0" branch="true" condition-coverage="0% (0/2)" missing-branches="280,281"/>
						<line number="280" hits="0"/>
						<line number="281" hits="0" branch="true" condition-coverage="0% (0/2)" missing-branches="282,284"/>
						<line number="282" hits="0"/>
						<line number="284" hits="0"/>
						<line number="286" hits="0"/>
						<line number="287" hits="0"/>
						<line number="288" hits="0"/>
						<line number="289" hits="0"/>
						<line number="290" hits="0"/>
						<line number="291" hits="0"/>
						<line number="294" hits="1" branch="true" condition-coverage="50% (1/2)" missing-branches="295"/>
						<line number="295" hits="0" branch="true" condition-coverage="0% (0/2)" missing-branches="296,299"/>
						<line number="296" hits="0"/>
						<line number="297" hits="0"/>
						<line number="299" hits="0"/>
						<line number="300" hits="0"/>
						<line number="301" hits="0"/>
						<line number="303" hits="0" branch="true" condition-coverage="0% (0/2)" missing-branches="304,312"/>
						<line number="304" hits="0" branch="true" condition-coverage="0% (0/2)" missing-branches="305,310"/>
						<line number="305" hits="0" branch="true" condition-coverage="0% (0/2)" missing-branches="306,310"/>
						<line number="306" hits="0"/>
						<line number="307" hits="0"/>
						<line number="308" hits="0"/>
						<line number="309" hits="0"/>
						<line number="310" hits="0"/>
						<line number="312" hits="0" branch="true" condition-coverage="0% (0/2)" missing-branches="313,318"/>
						<line number="313" hits="0" branch="true" condition-coverage="0% (0/2)" missing-branches="314,316"/>
						<line number="314" hits="0"/>
						<line number="315" hits="0"/>
						<line number="316" hits="0"/>
						<line number="318" hits="0" branch="true" condition-coverage="0% (0/2)" missing-branches="319,324"/>
						<line number="319" hits="0" branch="true" condition-coverage="0% (0/2)" missing-branches="320,322"/>
						<line number="320" hits="0"/>
						<line number="321" hits="0"/>
						<line number="322" hits="0"/>
						<line number="324" hits="0" branch="true" condition-coverage="0% (0/2)" missing-branches="325,327"/>
						<line number="325" hits="0"/>
						<line number="327" hits="0" branch="true" condition-coverage="0% (0/2)" missing-branches="328,331"/>
						<line number="328" hits="0"/>
						<line number="331" hits="0"/>
						<line number="332" hits="0"/>
					</lines>
				</class>
			</classes>
		</package>
	</packages>
</coverage>
